<?xml version="1.0" encoding="UTF-8" ?>
<testsuite tests="1" failures="0" name="TestMapper" time="0.004" errors="1" skipped="0">
  <properties>
[...]
</properties>
  <testcase classname="TestMapper" name="testMapper" time="0.004">
    <error message="Failed to load ApplicationContext" type="java.lang.IllegalStateException">java.lang.IllegalStateException: Failed to load ApplicationContext
	at org.springframework.test.context.cache.DefaultCacheAwareContextLoaderDelegate.loadContext(DefaultCacheAwareContextLoaderDelegate.java:124)
	at org.springframework.test.context.support.DefaultTestContext.getApplicationContext(DefaultTestContext.java:83)
	at org.springframework.test.context.support.DependencyInjectionTestExecutionListener.injectDependencies(DependencyInjectionTestExecutionListener.java:117)
	at org.springframework.test.context.support.DependencyInjectionTestExecutionListener.prepareTestInstance(DependencyInjectionTestExecutionListener.java:83)
	at org.springframework.test.context.TestContextManager.prepareTestInstance(TestContextManager.java:228)
	at org.springframework.test.context.junit4.SpringJUnit4ClassRunner.createTest(SpringJUnit4ClassRunner.java:230)
	at org.springframework.test.context.junit4.SpringJUnit4ClassRunner$1.runReflectiveCall(SpringJUnit4ClassRunner.java:289)
	at org.junit.internal.runners.model.ReflectiveCallable.run(ReflectiveCallable.java:15)
	at org.springframework.test.context.junit4.SpringJUnit4ClassRunner.methodBlock(SpringJUnit4ClassRunner.java:291)
	at org.springframework.test.context.junit4.SpringJUnit4ClassRunner.runChild(SpringJUnit4ClassRunner.java:249)
	at org.springframework.test.context.junit4.SpringJUnit4ClassRunner.runChild(SpringJUnit4ClassRunner.java:89)
	at org.junit.runners.ParentRunner$3.run(ParentRunner.java:231)
	at org.junit.runners.ParentRunner$1.schedule(ParentRunner.java:60)
	at org.junit.runners.ParentRunner.runChildren(ParentRunner.java:229)
	at org.junit.runners.ParentRunner.access$000(ParentRunner.java:50)
	at org.junit.runners.ParentRunner$2.evaluate(ParentRunner.java:222)
	at org.springframework.test.context.junit4.statements.RunBeforeTestClassCallbacks.evaluate(RunBeforeTestClassCallbacks.java:61)
	at org.springframework.test.context.junit4.statements.RunAfterTestClassCallbacks.evaluate(RunAfterTestClassCallbacks.java:70)
	at org.junit.runners.ParentRunner.run(ParentRunner.java:292)
	at org.springframework.test.context.junit4.SpringJUnit4ClassRunner.run(SpringJUnit4ClassRunner.java:193)
	at org.apache.maven.surefire.junit4.JUnit4Provider.execute(JUnit4Provider.java:252)
	at org.apache.maven.surefire.junit4.JUnit4Provider.executeTestSet(JUnit4Provider.java:141)
	at org.apache.maven.surefire.junit4.JUnit4Provider.invoke(JUnit4Provider.java:112)
	at sun.reflect.NativeMethodAccessorImpl.invoke0(Native Method)
	at sun.reflect.NativeMethodAccessorImpl.invoke(NativeMethodAccessorImpl.java:62)
	at sun.reflect.DelegatingMethodAccessorImpl.invoke(DelegatingMethodAccessorImpl.java:43)
	at java.lang.reflect.Method.invoke(Method.java:498)
	at org.apache.maven.surefire.util.ReflectionUtils.invokeMethodWithArray(ReflectionUtils.java:189)
	at org.apache.maven.surefire.booter.ProviderFactory$ProviderProxy.invoke(ProviderFactory.java:165)
	at org.apache.maven.surefire.booter.ProviderFactory.invokeProvider(ProviderFactory.java:85)
	at org.apache.maven.surefire.booter.ForkedBooter.runSuitesInProcess(ForkedBooter.java:115)
	at org.apache.maven.surefire.booter.ForkedBooter.main(ForkedBooter.java:75)
Caused by: org.springframework.beans.factory.BeanCreationException: Error creating bean with name &apos;itemCatServiceImpl&apos; defined in file [/Users/kim/java_project/project/pinyougou/pinyougou-service/pinyougou-sellergoods-service/target/classes/com/pinyougou/sellergoods/service/impl/ItemCatServiceImpl.class]: Initialization of bean failed; nested exception is com.alibaba.dubbo.rpc.RpcException: Fail to start server(url: dubbo://169.254.8.23:20883/com.pinyougou.sellergoods.service.ItemCatService?anyhost=true&amp;application=pinyougou-sellergoods-service&amp;channel.readonly.sent=true&amp;codec=dubbo&amp;dubbo=2.8.4&amp;generic=false&amp;heartbeat=60000&amp;interface=com.pinyougou.sellergoods.service.ItemCatService&amp;methods=add,findByParentId,findOne,update,findPage,delete,findAll&amp;pid=64414&amp;revision=1.0-SNAPSHOT&amp;side=provider&amp;timestamp=1559219807164) Failed to bind NettyServer on /169.254.8.23:20883, cause: Failed to bind to: /0.0.0.0:20883
	at org.springframework.beans.factory.support.AbstractAutowireCapableBeanFactory.doCreateBean(AbstractAutowireCapableBeanFactory.java:553)
	at org.springframework.beans.factory.support.AbstractAutowireCapableBeanFactory.createBean(AbstractAutowireCapableBeanFactory.java:482)
	at org.springframework.beans.factory.support.AbstractBeanFactory$1.getObject(AbstractBeanFactory.java:306)
	at org.springframework.beans.factory.support.DefaultSingletonBeanRegistry.getSingleton(DefaultSingletonBeanRegistry.java:230)
	at org.springframework.beans.factory.support.AbstractBeanFactory.doGetBean(AbstractBeanFactory.java:302)
	at org.springframework.beans.factory.support.AbstractBeanFactory.getBean(AbstractBeanFactory.java:197)
	at org.springframework.beans.factory.support.DefaultListableBeanFactory.preInstantiateSingletons(DefaultListableBeanFactory.java:772)
	at org.springframework.context.support.AbstractApplicationContext.finishBeanFactoryInitialization(AbstractApplicationContext.java:839)
	at org.springframework.context.support.AbstractApplicationContext.refresh(AbstractApplicationContext.java:538)
	at org.springframework.test.context.support.AbstractGenericContextLoader.loadContext(AbstractGenericContextLoader.java:125)
	at org.springframework.test.context.support.AbstractGenericContextLoader.loadContext(AbstractGenericContextLoader.java:60)
	at org.springframework.test.context.support.AbstractDelegatingSmartContextLoader.delegateLoading(AbstractDelegatingSmartContextLoader.java:109)
	at org.springframework.test.context.support.AbstractDelegatingSmartContextLoader.loadContext(AbstractDelegatingSmartContextLoader.java:261)
	at org.springframework.test.context.cache.DefaultCacheAwareContextLoaderDelegate.loadContextInternal(DefaultCacheAwareContextLoaderDelegate.java:98)
	at org.springframework.test.context.cache.DefaultCacheAwareContextLoaderDelegate.loadContext(DefaultCacheAwareContextLoaderDelegate.java:116)
	... 31 more
Caused by: com.alibaba.dubbo.rpc.RpcException: Fail to start server(url: dubbo://169.254.8.23:20883/com.pinyougou.sellergoods.service.ItemCatService?anyhost=true&amp;application=pinyougou-sellergoods-service&amp;channel.readonly.sent=true&amp;codec=dubbo&amp;dubbo=2.8.4&amp;generic=false&amp;heartbeat=60000&amp;interface=com.pinyougou.sellergoods.service.ItemCatService&amp;methods=add,findByParentId,findOne,update,findPage,delete,findAll&amp;pid=64414&amp;revision=1.0-SNAPSHOT&amp;side=provider&amp;timestamp=1559219807164) Failed to bind NettyServer on /169.254.8.23:20883, cause: Failed to bind to: /0.0.0.0:20883
	at com.alibaba.dubbo.rpc.protocol.dubbo.DubboProtocol.createServer(DubboProtocol.java:331)
	at com.alibaba.dubbo.rpc.protocol.dubbo.DubboProtocol.openServer(DubboProtocol.java:308)
	at com.alibaba.dubbo.rpc.protocol.dubbo.DubboProtocol.export(DubboProtocol.java:258)
	at com.alibaba.dubbo.rpc.protocol.ProtocolFilterWrapper.export(ProtocolFilterWrapper.java:55)
	at com.alibaba.dubbo.rpc.protocol.ProtocolListenerWrapper.export(ProtocolListenerWrapper.java:56)
	at com.alibaba.dubbo.rpc.Protocol$Adpative.export(Protocol$Adpative.java)
	at com.alibaba.dubbo.registry.integration.RegistryProtocol.doLocalExport(RegistryProtocol.java:153)
	at com.alibaba.dubbo.registry.integration.RegistryProtocol.export(RegistryProtocol.java:107)
	at com.alibaba.dubbo.rpc.protocol.ProtocolFilterWrapper.export(ProtocolFilterWrapper.java:53)
	at com.alibaba.dubbo.rpc.protocol.ProtocolListenerWrapper.export(ProtocolListenerWrapper.java:54)
	at com.alibaba.dubbo.rpc.Protocol$Adpative.export(Protocol$Adpative.java)
	at com.alibaba.dubbo.config.ServiceConfig.doExportUrlsFor1Protocol(ServiceConfig.java:489)
	at com.alibaba.dubbo.config.ServiceConfig.doExportUrls(ServiceConfig.java:285)
	at com.alibaba.dubbo.config.ServiceConfig.doExport(ServiceConfig.java:246)
	at com.alibaba.dubbo.config.ServiceConfig.export(ServiceConfig.java:145)
	at com.alibaba.dubbo.config.spring.AnnotationBean.postProcessAfterInitialization(AnnotationBean.java:202)
	at org.springframework.beans.factory.support.AbstractAutowireCapableBeanFactory.applyBeanPostProcessorsAfterInitialization(AbstractAutowireCapableBeanFactory.java:422)
	at org.springframework.beans.factory.support.AbstractAutowireCapableBeanFactory.initializeBean(AbstractAutowireCapableBeanFactory.java:1583)
	at org.springframework.beans.factory.support.AbstractAutowireCapableBeanFactory.doCreateBean(AbstractAutowireCapableBeanFactory.java:545)
	... 45 more
Caused by: com.alibaba.dubbo.remoting.RemotingException: Failed to bind NettyServer on /169.254.8.23:20883, cause: Failed to bind to: /0.0.0.0:20883
	at com.alibaba.dubbo.remoting.transport.AbstractServer.&lt;init&gt;(AbstractServer.java:73)
	at com.alibaba.dubbo.remoting.transport.netty.NettyServer.&lt;init&gt;(NettyServer.java:63)
	at com.alibaba.dubbo.remoting.transport.netty.NettyTransporter.bind(NettyTransporter.java:33)
	at com.alibaba.dubbo.remoting.Transporter$Adpative.bind(Transporter$Adpative.java)
	at com.alibaba.dubbo.remoting.Transporters.bind(Transporters.java:48)
	at com.alibaba.dubbo.remoting.exchange.support.header.HeaderExchanger.bind(HeaderExchanger.java:41)
	at com.alibaba.dubbo.remoting.exchange.Exchangers.bind(Exchangers.java:63)
	at com.alibaba.dubbo.rpc.protocol.dubbo.DubboProtocol.createServer(DubboProtocol.java:329)
	... 63 more
Caused by: org.jboss.netty.channel.ChannelException: Failed to bind to: /0.0.0.0:20883
	at org.jboss.netty.bootstrap.ServerBootstrap.bind(ServerBootstrap.java:272)
	at com.alibaba.dubbo.remoting.transport.netty.NettyServer.doOpen(NettyServer.java:94)
	at com.alibaba.dubbo.remoting.transport.AbstractServer.&lt;init&gt;(AbstractServer.java:68)
	... 70 more
Caused by: java.net.BindException: Address already in use
	at sun.nio.ch.Net.bind0(Native Method)
	at sun.nio.ch.Net.bind(Net.java:433)
	at sun.nio.ch.Net.bind(Net.java:425)
	at sun.nio.ch.ServerSocketChannelImpl.bind(ServerSocketChannelImpl.java:223)
	at sun.nio.ch.ServerSocketAdaptor.bind(ServerSocketAdaptor.java:74)
	at org.jboss.netty.channel.socket.nio.NioServerBoss$RegisterTask.run(NioServerBoss.java:193)
	at org.jboss.netty.channel.socket.nio.AbstractNioSelector.processTaskQueue(AbstractNioSelector.java:366)
	at org.jboss.netty.channel.socket.nio.AbstractNioSelector.run(AbstractNioSelector.java:290)
	at org.jboss.netty.channel.socket.nio.NioServerBoss.run(NioServerBoss.java:42)
	at java.util.concurrent.ThreadPoolExecutor.runWorker(ThreadPoolExecutor.java:1149)
	at java.util.concurrent.ThreadPoolExecutor$Worker.run(ThreadPoolExecutor.java:624)
	at java.lang.Thread.run(Thread.java:748)
</error>
    <system-out>DEBUG [main] - SpringJUnit4ClassRunner constructor called with [class TestMapper]
DEBUG [main] - Instantiating CacheAwareContextLoaderDelegate from class [org.springframework.test.context.cache.DefaultCacheAwareContextLoaderDelegate]
DEBUG [main] - Instantiating BootstrapContext using constructor [public org.springframework.test.context.support.DefaultBootstrapContext(java.lang.Class,org.springframework.test.context.CacheAwareContextLoaderDelegate)]
DEBUG [main] - Instantiating TestContextBootstrapper for test class [TestMapper] from class [org.springframework.test.context.support.DefaultTestContextBootstrapper]
DEBUG [main] - Delegating to GenericXmlContextLoader to process context configuration [ContextConfigurationAttributes@97e1986 declaringClass = &apos;TestMapper&apos;, classes = &apos;{}&apos;, locations = &apos;{classpath*:spring/applicationContext*.xml}&apos;, inheritLocations = true, initializers = &apos;{}&apos;, inheritInitializers = true, name = [null], contextLoaderClass = &apos;org.springframework.test.context.ContextLoader&apos;].
DEBUG [main] - Could not find an &apos;annotation declaring class&apos; for annotation type [org.springframework.test.context.ActiveProfiles] and class [TestMapper]
DEBUG [main] - @TestExecutionListeners is not present for class [TestMapper]: using defaults.
 INFO [main] - Loaded default TestExecutionListener class names from location [META-INF/spring.factories]: [org.springframework.test.context.web.ServletTestExecutionListener, org.springframework.test.context.support.DirtiesContextBeforeModesTestExecutionListener, org.springframework.test.context.support.DependencyInjectionTestExecutionListener, org.springframework.test.context.support.DirtiesContextTestExecutionListener, org.springframework.test.context.transaction.TransactionalTestExecutionListener, org.springframework.test.context.jdbc.SqlScriptsTestExecutionListener]
 INFO [main] - Using TestExecutionListeners: [org.springframework.test.context.web.ServletTestExecutionListener@5622fdf, org.springframework.test.context.support.DirtiesContextBeforeModesTestExecutionListener@4883b407, org.springframework.test.context.support.DependencyInjectionTestExecutionListener@7d9d1a19, org.springframework.test.context.support.DirtiesContextTestExecutionListener@39c0f4a, org.springframework.test.context.transaction.TransactionalTestExecutionListener@1794d431, org.springframework.test.context.jdbc.SqlScriptsTestExecutionListener@42e26948]
DEBUG [main] - Retrieved @ProfileValueSourceConfiguration [null] for test class [TestMapper]
DEBUG [main] - Retrieved ProfileValueSource type [class org.springframework.test.annotation.SystemProfileValueSource] for class [TestMapper]
DEBUG [main] - Retrieved @ProfileValueSourceConfiguration [null] for test class [TestMapper]
DEBUG [main] - Retrieved ProfileValueSource type [class org.springframework.test.annotation.SystemProfileValueSource] for class [TestMapper]
DEBUG [main] - Before test class: context [DefaultTestContext@31ef45e3 testClass = TestMapper, testInstance = [null], testMethod = [null], testException = [null], mergedContextConfiguration = [MergedContextConfiguration@598067a5 testClass = TestMapper, locations = &apos;{classpath*:spring/applicationContext*.xml}&apos;, classes = &apos;{}&apos;, contextInitializerClasses = &apos;[]&apos;, activeProfiles = &apos;{}&apos;, propertySourceLocations = &apos;{}&apos;, propertySourceProperties = &apos;{}&apos;, contextLoader = &apos;org.springframework.test.context.support.DelegatingSmartContextLoader&apos;, parent = [null]]], class annotated with @DirtiesContext [false] with mode [null].
DEBUG [main] - Retrieved @ProfileValueSourceConfiguration [null] for test class [TestMapper]
DEBUG [main] - Retrieved ProfileValueSource type [class org.springframework.test.annotation.SystemProfileValueSource] for class [TestMapper]
DEBUG [main] - Performing dependency injection for test context [[DefaultTestContext@31ef45e3 testClass = TestMapper, testInstance = TestMapper@2f686d1f, testMethod = [null], testException = [null], mergedContextConfiguration = [MergedContextConfiguration@598067a5 testClass = TestMapper, locations = &apos;{classpath*:spring/applicationContext*.xml}&apos;, classes = &apos;{}&apos;, contextInitializerClasses = &apos;[]&apos;, activeProfiles = &apos;{}&apos;, propertySourceLocations = &apos;{}&apos;, propertySourceProperties = &apos;{}&apos;, contextLoader = &apos;org.springframework.test.context.support.DelegatingSmartContextLoader&apos;, parent = [null]]]].
DEBUG [main] - Delegating to GenericXmlContextLoader to load context from [MergedContextConfiguration@598067a5 testClass = TestMapper, locations = &apos;{classpath*:spring/applicationContext*.xml}&apos;, classes = &apos;{}&apos;, contextInitializerClasses = &apos;[]&apos;, activeProfiles = &apos;{}&apos;, propertySourceLocations = &apos;{}&apos;, propertySourceProperties = &apos;{}&apos;, contextLoader = &apos;org.springframework.test.context.support.DelegatingSmartContextLoader&apos;, parent = [null]].
DEBUG [main] - Loading ApplicationContext for merged context configuration [[MergedContextConfiguration@598067a5 testClass = TestMapper, locations = &apos;{classpath*:spring/applicationContext*.xml}&apos;, classes = &apos;{}&apos;, contextInitializerClasses = &apos;[]&apos;, activeProfiles = &apos;{}&apos;, propertySourceLocations = &apos;{}&apos;, propertySourceProperties = &apos;{}&apos;, contextLoader = &apos;org.springframework.test.context.support.DelegatingSmartContextLoader&apos;, parent = [null]]].
DEBUG [main] - Adding [systemProperties] PropertySource with lowest search precedence
DEBUG [main] - Adding [systemEnvironment] PropertySource with lowest search precedence
DEBUG [main] - Initialized StandardEnvironment with PropertySources [systemProperties,systemEnvironment]
DEBUG [main] - Looking for matching resources in directory tree [/Users/kim/java_project/project/pinyougou/pinyougou-service/pinyougou-sellergoods-service/target/classes/spring]
DEBUG [main] - Searching directory [/Users/kim/java_project/project/pinyougou/pinyougou-service/pinyougou-sellergoods-service/target/classes/spring] for files matching pattern [/Users/kim/java_project/project/pinyougou/pinyougou-service/pinyougou-sellergoods-service/target/classes/spring/applicationContext*.xml]
DEBUG [main] - Looking for matching resources in jar file [file:/Users/kim/java_project/project/pinyougou/pinyougou-dao/target/pinyougou-dao-1.0-SNAPSHOT.jar]
DEBUG [main] - Resolved location pattern [classpath*:spring/applicationContext*.xml] to resources [file [/Users/kim/java_project/project/pinyougou/pinyougou-service/pinyougou-sellergoods-service/target/classes/spring/applicationContext.xml], URL [jar:file:/Users/kim/java_project/project/pinyougou/pinyougou-dao/target/pinyougou-dao-1.0-SNAPSHOT.jar!/spring/applicationContext-dao.xml]]
 INFO [main] - Loading XML bean definitions from file [/Users/kim/java_project/project/pinyougou/pinyougou-service/pinyougou-sellergoods-service/target/classes/spring/applicationContext.xml]
DEBUG [main] - Using JAXP provider [com.sun.org.apache.xerces.internal.jaxp.DocumentBuilderFactoryImpl]
DEBUG [main] - Loading schema mappings from [META-INF/spring.schemas]
DEBUG [main] - Loaded schema mappings: {http://www.springframework.org/schema/tx/spring-tx-2.5.xsd=org/springframework/transaction/config/spring-tx-2.5.xsd, http://www.springframework.org/schema/cache/spring-cache-4.2.xsd=org/springframework/cache/config/spring-cache-4.2.xsd, http://www.springframework.org/schema/aop/spring-aop-4.1.xsd=org/springframework/aop/config/spring-aop-4.1.xsd, http://www.springframework.org/schema/context/spring-context-3.1.xsd=org/springframework/context/config/spring-context-3.1.xsd, http://www.springframework.org/schema/jdbc/spring-jdbc-4.1.xsd=org/springframework/jdbc/config/spring-jdbc-4.1.xsd, http://www.springframework.org/schema/jms/spring-jms-2.5.xsd=org/springframework/jms/config/spring-jms-2.5.xsd, http://www.springframework.org/schema/mvc/spring-mvc-4.1.xsd=org/springframework/web/servlet/config/spring-mvc-4.1.xsd, http://www.springframework.org/schema/util/spring-util-3.0.xsd=org/springframework/beans/factory/xml/spring-util-3.0.xsd, http://mybatis.org/schema/mybatis-spring-1.2.xsd=org/mybatis/spring/config/mybatis-spring-1.2.xsd, http://www.springframework.org/schema/tool/spring-tool.xsd=org/springframework/beans/factory/xml/spring-tool-4.2.xsd, http://www.springframework.org/schema/aop/spring-aop-3.2.xsd=org/springframework/aop/config/spring-aop-3.2.xsd, http://www.springframework.org/schema/lang/spring-lang-4.1.xsd=org/springframework/scripting/config/spring-lang-4.1.xsd, http://www.springframework.org/schema/context/spring-context-4.0.xsd=org/springframework/context/config/spring-context-4.0.xsd, http://www.springframework.org/schema/mvc/spring-mvc-3.2.xsd=org/springframework/web/servlet/config/spring-mvc-3.2.xsd, http://www.springframework.org/schema/beans/spring-beans-4.2.xsd=org/springframework/beans/factory/xml/spring-beans-4.2.xsd, http://www.springframework.org/schema/tool/spring-tool-4.1.xsd=org/springframework/beans/factory/xml/spring-tool-4.1.xsd, http://www.springframework.org/schema/lang/spring-lang-3.2.xsd=org/springframework/scripting/config/spring-lang-3.2.xsd, http://www.springframework.org/schema/cache/spring-cache-3.2.xsd=org/springframework/cache/config/spring-cache-3.2.xsd, http://www.springframework.org/schema/jee/spring-jee-4.1.xsd=org/springframework/ejb/config/spring-jee-4.1.xsd, http://www.springframework.org/schema/jdbc/spring-jdbc-3.1.xsd=org/springframework/jdbc/config/spring-jdbc-3.1.xsd, http://www.springframework.org/schema/util/spring-util-2.0.xsd=org/springframework/beans/factory/xml/spring-util-2.0.xsd, http://www.springframework.org/schema/task/spring-task-4.2.xsd=org/springframework/scheduling/config/spring-task-4.2.xsd, http://www.springframework.org/schema/tool/spring-tool-3.2.xsd=org/springframework/beans/factory/xml/spring-tool-3.2.xsd, http://www.springframework.org/schema/context/spring-context.xsd=org/springframework/context/config/spring-context-4.2.xsd, http://www.springframework.org/schema/tx/spring-tx-4.2.xsd=org/springframework/transaction/config/spring-tx-4.2.xsd, http://www.springframework.org/schema/cache/spring-cache-4.1.xsd=org/springframework/cache/config/spring-cache-4.1.xsd, http://www.springframework.org/schema/aop/spring-aop-4.0.xsd=org/springframework/aop/config/spring-aop-4.0.xsd, http://www.springframework.org/schema/jee/spring-jee-3.2.xsd=org/springframework/ejb/config/spring-jee-3.2.xsd, http://www.springframework.org/schema/context/spring-context-3.0.xsd=org/springframework/context/config/spring-context-3.0.xsd, http://www.springframework.org/schema/jdbc/spring-jdbc-4.0.xsd=org/springframework/jdbc/config/spring-jdbc-4.0.xsd, http://www.springframework.org/schema/mvc/spring-mvc-4.0.xsd=org/springframework/web/servlet/config/spring-mvc-4.0.xsd, http://www.springframework.org/schema/util/spring-util-2.5.xsd=org/springframework/beans/factory/xml/spring-util-2.5.xsd, http://www.springframework.org/schema/beans/spring-beans-3.2.xsd=org/springframework/beans/factory/xml/spring-beans-3.2.xsd, http://www.springframework.org/schema/aop/spring-aop-3.1.xsd=org/springframework/aop/config/spring-aop-3.1.xsd, http://www.springframework.org/schema/lang/spring-lang-4.0.xsd=org/springframework/scripting/config/spring-lang-4.0.xsd, http://www.springframework.org/schema/mvc/spring-mvc.xsd=org/springframework/web/servlet/config/spring-mvc-4.2.xsd, http://www.springframework.org/schema/mvc/spring-mvc-3.1.xsd=org/springframework/web/servlet/config/spring-mvc-3.1.xsd, http://www.springframework.org/schema/beans/spring-beans-4.1.xsd=org/springframework/beans/factory/xml/spring-beans-4.1.xsd, http://www.springframework.org/schema/tool/spring-tool-4.0.xsd=org/springframework/beans/factory/xml/spring-tool-4.0.xsd, http://www.springframework.org/schema/tx/spring-tx-3.2.xsd=org/springframework/transaction/config/spring-tx-3.2.xsd, http://www.springframework.org/schema/lang/spring-lang-3.1.xsd=org/springframework/scripting/config/spring-lang-3.1.xsd, http://www.springframework.org/schema/cache/spring-cache-3.1.xsd=org/springframework/cache/config/spring-cache-3.1.xsd, http://www.springframework.org/schema/jms/spring-jms-4.2.xsd=org/springframework/jms/config/spring-jms-4.2.xsd, http://www.springframework.org/schema/jee/spring-jee-4.0.xsd=org/springframework/ejb/config/spring-jee-4.0.xsd, http://www.springframework.org/schema/jdbc/spring-jdbc-3.0.xsd=org/springframework/jdbc/config/spring-jdbc-3.0.xsd, http://www.springframework.org/schema/task/spring-task-4.1.xsd=org/springframework/scheduling/config/spring-task-4.1.xsd, http://www.springframework.org/schema/jdbc/spring-jdbc.xsd=org/springframework/jdbc/config/spring-jdbc-4.2.xsd, http://www.springframework.org/schema/tool/spring-tool-3.1.xsd=org/springframework/beans/factory/xml/spring-tool-3.1.xsd, http://www.springframework.org/schema/tx/spring-tx-4.1.xsd=org/springframework/transaction/config/spring-tx-4.1.xsd, http://www.springframework.org/schema/cache/spring-cache-4.0.xsd=org/springframework/cache/config/spring-cache-4.0.xsd, http://code.alibabatech.com/schema/dubbo/dubbo.xsd=META-INF/dubbo.xsd, http://www.springframework.org/schema/jee/spring-jee-3.1.xsd=org/springframework/ejb/config/spring-jee-3.1.xsd, http://www.springframework.org/schema/util/spring-util-4.2.xsd=org/springframework/beans/factory/xml/spring-util-4.2.xsd, http://www.springframework.org/schema/task/spring-task-3.2.xsd=org/springframework/scheduling/config/spring-task-3.2.xsd, http://www.springframework.org/schema/beans/spring-beans-3.1.xsd=org/springframework/beans/factory/xml/spring-beans-3.1.xsd, http://www.springframework.org/schema/util/spring-util.xsd=org/springframework/beans/factory/xml/spring-util-4.2.xsd, http://www.springframework.org/schema/aop/spring-aop-3.0.xsd=org/springframework/aop/config/spring-aop-3.0.xsd, http://www.springframework.org/schema/jms/spring-jms-3.2.xsd=org/springframework/jms/config/spring-jms-3.2.xsd, http://www.springframework.org/schema/mvc/spring-mvc-3.0.xsd=org/springframework/web/servlet/config/spring-mvc-3.0.xsd, http://www.springframework.org/schema/beans/spring-beans-4.0.xsd=org/springframework/beans/factory/xml/spring-beans-4.0.xsd, http://www.springframework.org/schema/beans/spring-beans.xsd=org/springframework/beans/factory/xml/spring-beans-4.2.xsd, http://mybatis.org/schema/mybatis-spring.xsd=org/mybatis/spring/config/mybatis-spring-1.2.xsd, http://www.springframework.org/schema/tx/spring-tx-3.1.xsd=org/springframework/transaction/config/spring-tx-3.1.xsd, http://www.springframework.org/schema/lang/spring-lang-3.0.xsd=org/springframework/scripting/config/spring-lang-3.0.xsd, http://www.springframework.org/schema/context/spring-context-2.5.xsd=org/springframework/context/config/spring-context-2.5.xsd, http://www.springframework.org/schema/jms/spring-jms-4.1.xsd=org/springframework/jms/config/spring-jms-4.1.xsd, http://www.springframework.org/schema/task/spring-task-4.0.xsd=org/springframework/scheduling/config/spring-task-4.0.xsd, http://www.springframework.org/schema/tool/spring-tool-3.0.xsd=org/springframework/beans/factory/xml/spring-tool-3.0.xsd, http://www.springframework.org/schema/tx/spring-tx-4.0.xsd=org/springframework/transaction/config/spring-tx-4.0.xsd, http://www.springframework.org/schema/aop/spring-aop-2.0.xsd=org/springframework/aop/config/spring-aop-2.0.xsd, http://www.springframework.org/schema/jee/spring-jee-3.0.xsd=org/springframework/ejb/config/spring-jee-3.0.xsd, http://www.springframework.org/schema/util/spring-util-4.1.xsd=org/springframework/beans/factory/xml/spring-util-4.1.xsd, http://www.springframework.org/schema/task/spring-task-3.1.xsd=org/springframework/scheduling/config/spring-task-3.1.xsd, http://www.springframework.org/schema/beans/spring-beans-3.0.xsd=org/springframework/beans/factory/xml/spring-beans-3.0.xsd, http://www.springframework.org/schema/jee/spring-jee.xsd=org/springframework/ejb/config/spring-jee-4.2.xsd, http://www.springframework.org/schema/jms/spring-jms.xsd=org/springframework/jms/config/spring-jms-4.2.xsd, http://www.springframework.org/schema/aop/spring-aop-2.5.xsd=org/springframework/aop/config/spring-aop-2.5.xsd, http://www.springframework.org/schema/lang/spring-lang-2.0.xsd=org/springframework/scripting/config/spring-lang-2.0.xsd, http://www.springframework.org/schema/jms/spring-jms-3.1.xsd=org/springframework/jms/config/spring-jms-3.1.xsd, http://www.springframework.org/schema/util/spring-util-3.2.xsd=org/springframework/beans/factory/xml/spring-util-3.2.xsd, http://www.springframework.org/schema/task/spring-task.xsd=org/springframework/scheduling/config/spring-task-4.2.xsd, http://www.springframework.org/schema/tool/spring-tool-2.0.xsd=org/springframework/beans/factory/xml/spring-tool-2.0.xsd, http://www.springframework.org/schema/tx/spring-tx-3.0.xsd=org/springframework/transaction/config/spring-tx-3.0.xsd, http://www.springframework.org/schema/lang/spring-lang-2.5.xsd=org/springframework/scripting/config/spring-lang-2.5.xsd, http://www.springframework.org/schema/context/spring-context-4.2.xsd=org/springframework/context/config/spring-context-4.2.xsd, http://www.springframework.org/schema/jms/spring-jms-4.0.xsd=org/springframework/jms/config/spring-jms-4.0.xsd, http://www.springframework.org/schema/jee/spring-jee-2.0.xsd=org/springframework/ejb/config/spring-jee-2.0.xsd, http://www.springframework.org/schema/tool/spring-tool-2.5.xsd=org/springframework/beans/factory/xml/spring-tool-2.5.xsd, http://www.springframework.org/schema/jee/spring-jee-2.5.xsd=org/springframework/ejb/config/spring-jee-2.5.xsd, http://www.springframework.org/schema/util/spring-util-4.0.xsd=org/springframework/beans/factory/xml/spring-util-4.0.xsd, http://www.springframework.org/schema/task/spring-task-3.0.xsd=org/springframework/scheduling/config/spring-task-3.0.xsd, http://www.springframework.org/schema/aop/spring-aop-4.2.xsd=org/springframework/aop/config/spring-aop-4.2.xsd, http://www.springframework.org/schema/lang/spring-lang.xsd=org/springframework/scripting/config/spring-lang-4.2.xsd, http://www.springframework.org/schema/context/spring-context-3.2.xsd=org/springframework/context/config/spring-context-3.2.xsd, http://www.springframework.org/schema/jdbc/spring-jdbc-4.2.xsd=org/springframework/jdbc/config/spring-jdbc-4.2.xsd, http://www.springframework.org/schema/jms/spring-jms-3.0.xsd=org/springframework/jms/config/spring-jms-3.0.xsd, http://www.springframework.org/schema/mvc/spring-mvc-4.2.xsd=org/springframework/web/servlet/config/spring-mvc-4.2.xsd, http://www.springframework.org/schema/util/spring-util-3.1.xsd=org/springframework/beans/factory/xml/spring-util-3.1.xsd, http://www.springframework.org/schema/beans/spring-beans-2.0.xsd=org/springframework/beans/factory/xml/spring-beans-2.0.xsd, http://www.springframework.org/schema/cache/spring-cache.xsd=org/springframework/cache/config/spring-cache-4.2.xsd, http://www.springframework.org/schema/tx/spring-tx.xsd=org/springframework/transaction/config/spring-tx-4.2.xsd, http://www.springframework.org/schema/lang/spring-lang-4.2.xsd=org/springframework/scripting/config/spring-lang-4.2.xsd, http://www.springframework.org/schema/context/spring-context-4.1.xsd=org/springframework/context/config/spring-context-4.1.xsd, http://www.springframework.org/schema/beans/spring-beans-2.5.xsd=org/springframework/beans/factory/xml/spring-beans-2.5.xsd, http://www.springframework.org/schema/tool/spring-tool-4.2.xsd=org/springframework/beans/factory/xml/spring-tool-4.2.xsd, http://www.springframework.org/schema/tx/spring-tx-2.0.xsd=org/springframework/transaction/config/spring-tx-2.0.xsd, http://www.springframework.org/schema/jee/spring-jee-4.2.xsd=org/springframework/ejb/config/spring-jee-4.2.xsd, http://www.springframework.org/schema/jdbc/spring-jdbc-3.2.xsd=org/springframework/jdbc/config/spring-jdbc-3.2.xsd, http://www.springframework.org/schema/aop/spring-aop.xsd=org/springframework/aop/config/spring-aop-4.2.xsd}
DEBUG [main] - Found XML schema [http://www.springframework.org/schema/beans/spring-beans.xsd] in classpath: org/springframework/beans/factory/xml/spring-beans-4.2.xsd
DEBUG [main] - Found XML schema [http://code.alibabatech.com/schema/dubbo/dubbo.xsd] in classpath: META-INF/dubbo.xsd
DEBUG [main] - Loading bean definitions
DEBUG [main] - Loaded NamespaceHandler mappings: {http://www.springframework.org/schema/p=org.springframework.beans.factory.xml.SimplePropertyNamespaceHandler, http://www.springframework.org/schema/mvc=org.springframework.web.servlet.config.MvcNamespaceHandler, http://www.springframework.org/schema/util=org.springframework.beans.factory.xml.UtilNamespaceHandler, http://code.alibabatech.com/schema/dubbo=com.alibaba.dubbo.config.spring.schema.DubboNamespaceHandler, http://www.springframework.org/schema/jee=org.springframework.ejb.config.JeeNamespaceHandler, http://www.springframework.org/schema/aop=org.springframework.aop.config.AopNamespaceHandler, http://www.springframework.org/schema/jdbc=org.springframework.jdbc.config.JdbcNamespaceHandler, http://www.springframework.org/schema/cache=org.springframework.cache.config.CacheNamespaceHandler, http://mybatis.org/schema/mybatis-spring=org.mybatis.spring.config.NamespaceHandler, http://www.springframework.org/schema/c=org.springframework.beans.factory.xml.SimpleConstructorNamespaceHandler, http://www.springframework.org/schema/tx=org.springframework.transaction.config.TxNamespaceHandler, http://www.springframework.org/schema/jms=org.springframework.jms.config.JmsNamespaceHandler, http://www.springframework.org/schema/task=org.springframework.scheduling.config.TaskNamespaceHandler, http://www.springframework.org/schema/lang=org.springframework.scripting.config.LangNamespaceHandler, http://www.springframework.org/schema/context=org.springframework.context.config.ContextNamespaceHandler}
 INFO [main] - using logger: com.alibaba.dubbo.common.logger.log4j.Log4jLoggerAdapter
 INFO [main] - Loading XML bean definitions from URL [jar:file:/Users/kim/java_project/project/pinyougou/pinyougou-dao/target/pinyougou-dao-1.0-SNAPSHOT.jar!/spring/applicationContext-dao.xml]
DEBUG [main] - Using JAXP provider [com.sun.org.apache.xerces.internal.jaxp.DocumentBuilderFactoryImpl]
DEBUG [main] - Found XML schema [http://www.springframework.org/schema/beans/spring-beans-4.2.xsd] in classpath: org/springframework/beans/factory/xml/spring-beans-4.2.xsd
DEBUG [main] - Found XML schema [http://www.springframework.org/schema/context/spring-context.xsd] in classpath: org/springframework/context/config/spring-context-4.2.xsd
DEBUG [main] - Found XML schema [http://www.springframework.org/schema/tool/spring-tool-4.2.xsd] in classpath: org/springframework/beans/factory/xml/spring-tool-4.2.xsd
DEBUG [main] - Loading bean definitions
DEBUG [main] - Neither XML &apos;id&apos; nor &apos;name&apos; specified - using generated bean name [org.mybatis.spring.mapper.MapperScannerConfigurer#0]
DEBUG [main] - Loaded 8 bean definitions from location pattern [classpath*:spring/applicationContext*.xml]
 INFO [main] - Refreshing org.springframework.context.support.GenericApplicationContext@21213b92: startup date [Thu May 30 20:36:45 CST 2019]; root of context hierarchy
DEBUG [main] - Bean factory for org.springframework.context.support.GenericApplicationContext@21213b92: org.springframework.beans.factory.support.DefaultListableBeanFactory@75c072cb: defining beans [pinyougou-sellergoods-service,dubbo,com.alibaba.dubbo.config.RegistryConfig,com.alibaba.dubbo.config.spring.AnnotationBean,org.springframework.context.support.PropertySourcesPlaceholderConfigurer#0,dataSource,sqlSessionFactory,org.mybatis.spring.mapper.MapperScannerConfigurer#0,org.springframework.context.annotation.internalConfigurationAnnotationProcessor,org.springframework.context.annotation.internalAutowiredAnnotationProcessor,org.springframework.context.annotation.internalRequiredAnnotationProcessor,org.springframework.context.annotation.internalCommonAnnotationProcessor,org.springframework.context.event.internalEventListenerProcessor,org.springframework.context.event.internalEventListenerFactory]; root of factory hierarchy
DEBUG [main] - Creating shared instance of singleton bean &apos;org.springframework.context.annotation.internalConfigurationAnnotationProcessor&apos;
DEBUG [main] - Creating instance of bean &apos;org.springframework.context.annotation.internalConfigurationAnnotationProcessor&apos;
DEBUG [main] - Eagerly caching bean &apos;org.springframework.context.annotation.internalConfigurationAnnotationProcessor&apos; to allow for resolving potential circular references
DEBUG [main] - Finished creating instance of bean &apos;org.springframework.context.annotation.internalConfigurationAnnotationProcessor&apos;
DEBUG [main] - Creating shared instance of singleton bean &apos;org.mybatis.spring.mapper.MapperScannerConfigurer#0&apos;
DEBUG [main] - Creating instance of bean &apos;org.mybatis.spring.mapper.MapperScannerConfigurer#0&apos;
DEBUG [main] - Eagerly caching bean &apos;org.mybatis.spring.mapper.MapperScannerConfigurer#0&apos; to allow for resolving potential circular references
DEBUG [main] - Invoking afterPropertiesSet() on bean with name &apos;org.mybatis.spring.mapper.MapperScannerConfigurer#0&apos;
DEBUG [main] - Finished creating instance of bean &apos;org.mybatis.spring.mapper.MapperScannerConfigurer#0&apos;
DEBUG [main] - Adding [systemProperties] PropertySource with lowest search precedence
DEBUG [main] - Adding [systemEnvironment] PropertySource with lowest search precedence
DEBUG [main] - Initialized StandardEnvironment with PropertySources [systemProperties,systemEnvironment]
DEBUG [main] - Looking for matching resources in jar file [file:/Users/kim/java_project/project/pinyougou/pinyougou-dao/target/pinyougou-dao-1.0-SNAPSHOT.jar]
DEBUG [main] - Resolved location pattern [classpath*:com/pinyougou/mapper/**/*.class] to resources [URL [jar:file:/Users/kim/java_project/project/pinyougou/pinyougou-dao/target/pinyougou-dao-1.0-SNAPSHOT.jar!/com/pinyougou/mapper/TbSellerMapper.class], URL [jar:file:/Users/kim/java_project/project/pinyougou/pinyougou-dao/target/pinyougou-dao-1.0-SNAPSHOT.jar!/com/pinyougou/mapper/TbUserMapper.class], URL [jar:file:/Users/kim/java_project/project/pinyougou/pinyougou-dao/target/pinyougou-dao-1.0-SNAPSHOT.jar!/com/pinyougou/mapper/TbTypeTemplateMapper.class], URL [jar:file:/Users/kim/java_project/project/pinyougou/pinyougou-dao/target/pinyougou-dao-1.0-SNAPSHOT.jar!/com/pinyougou/mapper/TbAddressMapper.class], URL [jar:file:/Users/kim/java_project/project/pinyougou/pinyougou-dao/target/pinyougou-dao-1.0-SNAPSHOT.jar!/com/pinyougou/mapper/TbAreasMapper.class], URL [jar:file:/Users/kim/java_project/project/pinyougou/pinyougou-dao/target/pinyougou-dao-1.0-SNAPSHOT.jar!/com/pinyougou/mapper/TbGoodsMapper.class], URL [jar:file:/Users/kim/java_project/project/pinyougou/pinyougou-dao/target/pinyougou-dao-1.0-SNAPSHOT.jar!/com/pinyougou/mapper/TbSeckillGoodsMapper.class], URL [jar:file:/Users/kim/java_project/project/pinyougou/pinyougou-dao/target/pinyougou-dao-1.0-SNAPSHOT.jar!/com/pinyougou/mapper/TbItemCatMapper.class], URL [jar:file:/Users/kim/java_project/project/pinyougou/pinyougou-dao/target/pinyougou-dao-1.0-SNAPSHOT.jar!/com/pinyougou/mapper/TbFreightTemplateMapper.class], URL [jar:file:/Users/kim/java_project/project/pinyougou/pinyougou-dao/target/pinyougou-dao-1.0-SNAPSHOT.jar!/com/pinyougou/mapper/TbCitiesMapper.class], URL [jar:file:/Users/kim/java_project/project/pinyougou/pinyougou-dao/target/pinyougou-dao-1.0-SNAPSHOT.jar!/com/pinyougou/mapper/TbSpecificationMapper.class], URL [jar:file:/Users/kim/java_project/project/pinyougou/pinyougou-dao/target/pinyougou-dao-1.0-SNAPSHOT.jar!/com/pinyougou/mapper/TbProvincesMapper.class], URL [jar:file:/Users/kim/java_project/project/pinyougou/pinyougou-dao/target/pinyougou-dao-1.0-SNAPSHOT.jar!/com/pinyougou/mapper/TbPayLogMapper.class], URL [jar:file:/Users/kim/java_project/project/pinyougou/pinyougou-dao/target/pinyougou-dao-1.0-SNAPSHOT.jar!/com/pinyougou/mapper/TbBrandMapper.class], URL [jar:file:/Users/kim/java_project/project/pinyougou/pinyougou-dao/target/pinyougou-dao-1.0-SNAPSHOT.jar!/com/pinyougou/mapper/TbSeckillOrderMapper.class], URL [jar:file:/Users/kim/java_project/project/pinyougou/pinyougou-dao/target/pinyougou-dao-1.0-SNAPSHOT.jar!/com/pinyougou/mapper/TbContentMapper.class], URL [jar:file:/Users/kim/java_project/project/pinyougou/pinyougou-dao/target/pinyougou-dao-1.0-SNAPSHOT.jar!/com/pinyougou/mapper/TbOrderItemMapper.class], URL [jar:file:/Users/kim/java_project/project/pinyougou/pinyougou-dao/target/pinyougou-dao-1.0-SNAPSHOT.jar!/com/pinyougou/mapper/TbGoodsDescMapper.class], URL [jar:file:/Users/kim/java_project/project/pinyougou/pinyougou-dao/target/pinyougou-dao-1.0-SNAPSHOT.jar!/com/pinyougou/mapper/TbContentCategoryMapper.class], URL [jar:file:/Users/kim/java_project/project/pinyougou/pinyougou-dao/target/pinyougou-dao-1.0-SNAPSHOT.jar!/com/pinyougou/mapper/TbOrderMapper.class], URL [jar:file:/Users/kim/java_project/project/pinyougou/pinyougou-dao/target/pinyougou-dao-1.0-SNAPSHOT.jar!/com/pinyougou/mapper/TbItemMapper.class], URL [jar:file:/Users/kim/java_project/project/pinyougou/pinyougou-dao/target/pinyougou-dao-1.0-SNAPSHOT.jar!/com/pinyougou/mapper/TbSpecificationOptionMapper.class]]
DEBUG [main] - Identified candidate component class: URL [jar:file:/Users/kim/java_project/project/pinyougou/pinyougou-dao/target/pinyougou-dao-1.0-SNAPSHOT.jar!/com/pinyougou/mapper/TbSellerMapper.class]
DEBUG [main] - Identified candidate component class: URL [jar:file:/Users/kim/java_project/project/pinyougou/pinyougou-dao/target/pinyougou-dao-1.0-SNAPSHOT.jar!/com/pinyougou/mapper/TbUserMapper.class]
DEBUG [main] - Identified candidate component class: URL [jar:file:/Users/kim/java_project/project/pinyougou/pinyougou-dao/target/pinyougou-dao-1.0-SNAPSHOT.jar!/com/pinyougou/mapper/TbTypeTemplateMapper.class]
DEBUG [main] - Identified candidate component class: URL [jar:file:/Users/kim/java_project/project/pinyougou/pinyougou-dao/target/pinyougou-dao-1.0-SNAPSHOT.jar!/com/pinyougou/mapper/TbAddressMapper.class]
DEBUG [main] - Identified candidate component class: URL [jar:file:/Users/kim/java_project/project/pinyougou/pinyougou-dao/target/pinyougou-dao-1.0-SNAPSHOT.jar!/com/pinyougou/mapper/TbAreasMapper.class]
DEBUG [main] - Identified candidate component class: URL [jar:file:/Users/kim/java_project/project/pinyougou/pinyougou-dao/target/pinyougou-dao-1.0-SNAPSHOT.jar!/com/pinyougou/mapper/TbGoodsMapper.class]
DEBUG [main] - Identified candidate component class: URL [jar:file:/Users/kim/java_project/project/pinyougou/pinyougou-dao/target/pinyougou-dao-1.0-SNAPSHOT.jar!/com/pinyougou/mapper/TbSeckillGoodsMapper.class]
DEBUG [main] - Identified candidate component class: URL [jar:file:/Users/kim/java_project/project/pinyougou/pinyougou-dao/target/pinyougou-dao-1.0-SNAPSHOT.jar!/com/pinyougou/mapper/TbItemCatMapper.class]
DEBUG [main] - Identified candidate component class: URL [jar:file:/Users/kim/java_project/project/pinyougou/pinyougou-dao/target/pinyougou-dao-1.0-SNAPSHOT.jar!/com/pinyougou/mapper/TbFreightTemplateMapper.class]
DEBUG [main] - Identified candidate component class: URL [jar:file:/Users/kim/java_project/project/pinyougou/pinyougou-dao/target/pinyougou-dao-1.0-SNAPSHOT.jar!/com/pinyougou/mapper/TbCitiesMapper.class]
DEBUG [main] - Identified candidate component class: URL [jar:file:/Users/kim/java_project/project/pinyougou/pinyougou-dao/target/pinyougou-dao-1.0-SNAPSHOT.jar!/com/pinyougou/mapper/TbSpecificationMapper.class]
DEBUG [main] - Identified candidate component class: URL [jar:file:/Users/kim/java_project/project/pinyougou/pinyougou-dao/target/pinyougou-dao-1.0-SNAPSHOT.jar!/com/pinyougou/mapper/TbProvincesMapper.class]
DEBUG [main] - Identified candidate component class: URL [jar:file:/Users/kim/java_project/project/pinyougou/pinyougou-dao/target/pinyougou-dao-1.0-SNAPSHOT.jar!/com/pinyougou/mapper/TbPayLogMapper.class]
DEBUG [main] - Identified candidate component class: URL [jar:file:/Users/kim/java_project/project/pinyougou/pinyougou-dao/target/pinyougou-dao-1.0-SNAPSHOT.jar!/com/pinyougou/mapper/TbBrandMapper.class]
DEBUG [main] - Identified candidate component class: URL [jar:file:/Users/kim/java_project/project/pinyougou/pinyougou-dao/target/pinyougou-dao-1.0-SNAPSHOT.jar!/com/pinyougou/mapper/TbSeckillOrderMapper.class]
DEBUG [main] - Identified candidate component class: URL [jar:file:/Users/kim/java_project/project/pinyougou/pinyougou-dao/target/pinyougou-dao-1.0-SNAPSHOT.jar!/com/pinyougou/mapper/TbContentMapper.class]
DEBUG [main] - Identified candidate component class: URL [jar:file:/Users/kim/java_project/project/pinyougou/pinyougou-dao/target/pinyougou-dao-1.0-SNAPSHOT.jar!/com/pinyougou/mapper/TbOrderItemMapper.class]
DEBUG [main] - Identified candidate component class: URL [jar:file:/Users/kim/java_project/project/pinyougou/pinyougou-dao/target/pinyougou-dao-1.0-SNAPSHOT.jar!/com/pinyougou/mapper/TbGoodsDescMapper.class]
DEBUG [main] - Identified candidate component class: URL [jar:file:/Users/kim/java_project/project/pinyougou/pinyougou-dao/target/pinyougou-dao-1.0-SNAPSHOT.jar!/com/pinyougou/mapper/TbContentCategoryMapper.class]
DEBUG [main] - Identified candidate component class: URL [jar:file:/Users/kim/java_project/project/pinyougou/pinyougou-dao/target/pinyougou-dao-1.0-SNAPSHOT.jar!/com/pinyougou/mapper/TbOrderMapper.class]
DEBUG [main] - Identified candidate component class: URL [jar:file:/Users/kim/java_project/project/pinyougou/pinyougou-dao/target/pinyougou-dao-1.0-SNAPSHOT.jar!/com/pinyougou/mapper/TbItemMapper.class]
DEBUG [main] - Identified candidate component class: URL [jar:file:/Users/kim/java_project/project/pinyougou/pinyougou-dao/target/pinyougou-dao-1.0-SNAPSHOT.jar!/com/pinyougou/mapper/TbSpecificationOptionMapper.class]
DEBUG [main] - Creating MapperFactoryBean with name &apos;tbSellerMapper&apos; and &apos;com.pinyougou.mapper.TbSellerMapper&apos; mapperInterface
DEBUG [main] - Enabling autowire by type for MapperFactoryBean with name &apos;tbSellerMapper&apos;.
DEBUG [main] - Creating MapperFactoryBean with name &apos;tbUserMapper&apos; and &apos;com.pinyougou.mapper.TbUserMapper&apos; mapperInterface
DEBUG [main] - Enabling autowire by type for MapperFactoryBean with name &apos;tbUserMapper&apos;.
DEBUG [main] - Creating MapperFactoryBean with name &apos;tbTypeTemplateMapper&apos; and &apos;com.pinyougou.mapper.TbTypeTemplateMapper&apos; mapperInterface
DEBUG [main] - Enabling autowire by type for MapperFactoryBean with name &apos;tbTypeTemplateMapper&apos;.
DEBUG [main] - Creating MapperFactoryBean with name &apos;tbAddressMapper&apos; and &apos;com.pinyougou.mapper.TbAddressMapper&apos; mapperInterface
DEBUG [main] - Enabling autowire by type for MapperFactoryBean with name &apos;tbAddressMapper&apos;.
DEBUG [main] - Creating MapperFactoryBean with name &apos;tbAreasMapper&apos; and &apos;com.pinyougou.mapper.TbAreasMapper&apos; mapperInterface
DEBUG [main] - Enabling autowire by type for MapperFactoryBean with name &apos;tbAreasMapper&apos;.
DEBUG [main] - Creating MapperFactoryBean with name &apos;tbGoodsMapper&apos; and &apos;com.pinyougou.mapper.TbGoodsMapper&apos; mapperInterface
DEBUG [main] - Enabling autowire by type for MapperFactoryBean with name &apos;tbGoodsMapper&apos;.
DEBUG [main] - Creating MapperFactoryBean with name &apos;tbSeckillGoodsMapper&apos; and &apos;com.pinyougou.mapper.TbSeckillGoodsMapper&apos; mapperInterface
DEBUG [main] - Enabling autowire by type for MapperFactoryBean with name &apos;tbSeckillGoodsMapper&apos;.
DEBUG [main] - Creating MapperFactoryBean with name &apos;tbItemCatMapper&apos; and &apos;com.pinyougou.mapper.TbItemCatMapper&apos; mapperInterface
DEBUG [main] - Enabling autowire by type for MapperFactoryBean with name &apos;tbItemCatMapper&apos;.
DEBUG [main] - Creating MapperFactoryBean with name &apos;tbFreightTemplateMapper&apos; and &apos;com.pinyougou.mapper.TbFreightTemplateMapper&apos; mapperInterface
DEBUG [main] - Enabling autowire by type for MapperFactoryBean with name &apos;tbFreightTemplateMapper&apos;.
DEBUG [main] - Creating MapperFactoryBean with name &apos;tbCitiesMapper&apos; and &apos;com.pinyougou.mapper.TbCitiesMapper&apos; mapperInterface
DEBUG [main] - Enabling autowire by type for MapperFactoryBean with name &apos;tbCitiesMapper&apos;.
DEBUG [main] - Creating MapperFactoryBean with name &apos;tbSpecificationMapper&apos; and &apos;com.pinyougou.mapper.TbSpecificationMapper&apos; mapperInterface
DEBUG [main] - Enabling autowire by type for MapperFactoryBean with name &apos;tbSpecificationMapper&apos;.
DEBUG [main] - Creating MapperFactoryBean with name &apos;tbProvincesMapper&apos; and &apos;com.pinyougou.mapper.TbProvincesMapper&apos; mapperInterface
DEBUG [main] - Enabling autowire by type for MapperFactoryBean with name &apos;tbProvincesMapper&apos;.
DEBUG [main] - Creating MapperFactoryBean with name &apos;tbPayLogMapper&apos; and &apos;com.pinyougou.mapper.TbPayLogMapper&apos; mapperInterface
DEBUG [main] - Enabling autowire by type for MapperFactoryBean with name &apos;tbPayLogMapper&apos;.
DEBUG [main] - Creating MapperFactoryBean with name &apos;tbBrandMapper&apos; and &apos;com.pinyougou.mapper.TbBrandMapper&apos; mapperInterface
DEBUG [main] - Enabling autowire by type for MapperFactoryBean with name &apos;tbBrandMapper&apos;.
DEBUG [main] - Creating MapperFactoryBean with name &apos;tbSeckillOrderMapper&apos; and &apos;com.pinyougou.mapper.TbSeckillOrderMapper&apos; mapperInterface
DEBUG [main] - Enabling autowire by type for MapperFactoryBean with name &apos;tbSeckillOrderMapper&apos;.
DEBUG [main] - Creating MapperFactoryBean with name &apos;tbContentMapper&apos; and &apos;com.pinyougou.mapper.TbContentMapper&apos; mapperInterface
DEBUG [main] - Enabling autowire by type for MapperFactoryBean with name &apos;tbContentMapper&apos;.
DEBUG [main] - Creating MapperFactoryBean with name &apos;tbOrderItemMapper&apos; and &apos;com.pinyougou.mapper.TbOrderItemMapper&apos; mapperInterface
DEBUG [main] - Enabling autowire by type for MapperFactoryBean with name &apos;tbOrderItemMapper&apos;.
DEBUG [main] - Creating MapperFactoryBean with name &apos;tbGoodsDescMapper&apos; and &apos;com.pinyougou.mapper.TbGoodsDescMapper&apos; mapperInterface
DEBUG [main] - Enabling autowire by type for MapperFactoryBean with name &apos;tbGoodsDescMapper&apos;.
DEBUG [main] - Creating MapperFactoryBean with name &apos;tbContentCategoryMapper&apos; and &apos;com.pinyougou.mapper.TbContentCategoryMapper&apos; mapperInterface
DEBUG [main] - Enabling autowire by type for MapperFactoryBean with name &apos;tbContentCategoryMapper&apos;.
DEBUG [main] - Creating MapperFactoryBean with name &apos;tbOrderMapper&apos; and &apos;com.pinyougou.mapper.TbOrderMapper&apos; mapperInterface
DEBUG [main] - Enabling autowire by type for MapperFactoryBean with name &apos;tbOrderMapper&apos;.
DEBUG [main] - Creating MapperFactoryBean with name &apos;tbItemMapper&apos; and &apos;com.pinyougou.mapper.TbItemMapper&apos; mapperInterface
DEBUG [main] - Enabling autowire by type for MapperFactoryBean with name &apos;tbItemMapper&apos;.
DEBUG [main] - Creating MapperFactoryBean with name &apos;tbSpecificationOptionMapper&apos; and &apos;com.pinyougou.mapper.TbSpecificationOptionMapper&apos; mapperInterface
DEBUG [main] - Enabling autowire by type for MapperFactoryBean with name &apos;tbSpecificationOptionMapper&apos;.
DEBUG [main] - Creating shared instance of singleton bean &apos;org.springframework.context.support.PropertySourcesPlaceholderConfigurer#0&apos;
DEBUG [main] - Creating instance of bean &apos;org.springframework.context.support.PropertySourcesPlaceholderConfigurer#0&apos;
DEBUG [main] - Eagerly caching bean &apos;org.springframework.context.support.PropertySourcesPlaceholderConfigurer#0&apos; to allow for resolving potential circular references
DEBUG [main] - Looking for matching resources in jar file [file:/Users/kim/java_project/project/pinyougou/pinyougou-dao/target/pinyougou-dao-1.0-SNAPSHOT.jar]
DEBUG [main] - Resolved location pattern [classpath*:properties/*.properties] to resources [URL [jar:file:/Users/kim/java_project/project/pinyougou/pinyougou-dao/target/pinyougou-dao-1.0-SNAPSHOT.jar!/properties/db.properties]]
DEBUG [main] - Finished creating instance of bean &apos;org.springframework.context.support.PropertySourcesPlaceholderConfigurer#0&apos;
DEBUG [main] - Adding [environmentProperties] PropertySource with lowest search precedence
 INFO [main] - Loading properties file from URL [jar:file:/Users/kim/java_project/project/pinyougou/pinyougou-dao/target/pinyougou-dao-1.0-SNAPSHOT.jar!/properties/db.properties]
DEBUG [main] - Adding [localProperties] PropertySource with lowest search precedence
DEBUG [main] - Searching for key &apos;jdbc.url&apos; in [environmentProperties]
DEBUG [main] - Searching for key &apos;jdbc.url&apos; in [systemProperties]
DEBUG [main] - Searching for key &apos;jdbc.url&apos; in [systemEnvironment]
DEBUG [main] - Could not find key &apos;jdbc.url&apos; in any property source. Returning [null]
DEBUG [main] - Searching for key &apos;jdbc.url&apos; in [localProperties]
DEBUG [main] - Found key &apos;jdbc.url&apos; in [localProperties] with type [String] and value &apos;jdbc:mysql://localhost:3306/pinyougou_db?characterEncoding=utf-8&apos;
DEBUG [main] - Searching for key &apos;jdbc.username&apos; in [environmentProperties]
DEBUG [main] - Searching for key &apos;jdbc.username&apos; in [systemProperties]
DEBUG [main] - Searching for key &apos;jdbc.username&apos; in [systemEnvironment]
DEBUG [main] - Could not find key &apos;jdbc.username&apos; in any property source. Returning [null]
DEBUG [main] - Searching for key &apos;jdbc.username&apos; in [localProperties]
DEBUG [main] - Found key &apos;jdbc.username&apos; in [localProperties] with type [String] and value &apos;root&apos;
DEBUG [main] - Searching for key &apos;jdbc.password&apos; in [environmentProperties]
DEBUG [main] - Searching for key &apos;jdbc.password&apos; in [systemProperties]
DEBUG [main] - Searching for key &apos;jdbc.password&apos; in [systemEnvironment]
DEBUG [main] - Could not find key &apos;jdbc.password&apos; in any property source. Returning [null]
DEBUG [main] - Searching for key &apos;jdbc.password&apos; in [localProperties]
DEBUG [main] - Found key &apos;jdbc.password&apos; in [localProperties] with type [String] and value &apos;12345678&apos;
DEBUG [main] - Searching for key &apos;jdbc.driver&apos; in [environmentProperties]
DEBUG [main] - Searching for key &apos;jdbc.driver&apos; in [systemProperties]
DEBUG [main] - Searching for key &apos;jdbc.driver&apos; in [systemEnvironment]
DEBUG [main] - Could not find key &apos;jdbc.driver&apos; in any property source. Returning [null]
DEBUG [main] - Searching for key &apos;jdbc.driver&apos; in [localProperties]
DEBUG [main] - Found key &apos;jdbc.driver&apos; in [localProperties] with type [String] and value &apos;com.mysql.cj.jdbc.Driver&apos;
DEBUG [main] - Creating shared instance of singleton bean &apos;com.alibaba.dubbo.config.spring.AnnotationBean&apos;
DEBUG [main] - Creating instance of bean &apos;com.alibaba.dubbo.config.spring.AnnotationBean&apos;
DEBUG [main] - Eagerly caching bean &apos;com.alibaba.dubbo.config.spring.AnnotationBean&apos; to allow for resolving potential circular references
DEBUG [main] - Finished creating instance of bean &apos;com.alibaba.dubbo.config.spring.AnnotationBean&apos;
DEBUG [main] - Adding [systemProperties] PropertySource with lowest search precedence
DEBUG [main] - Adding [systemEnvironment] PropertySource with lowest search precedence
DEBUG [main] - Initialized StandardEnvironment with PropertySources [systemProperties,systemEnvironment]
DEBUG [main] - Looking for matching resources in directory tree [/Users/kim/java_project/project/pinyougou/pinyougou-service/pinyougou-sellergoods-service/target/classes/com/pinyougou/sellergoods/service/impl]
DEBUG [main] - Searching directory [/Users/kim/java_project/project/pinyougou/pinyougou-service/pinyougou-sellergoods-service/target/classes/com/pinyougou/sellergoods/service/impl] for files matching pattern [/Users/kim/java_project/project/pinyougou/pinyougou-service/pinyougou-sellergoods-service/target/classes/com/pinyougou/sellergoods/service/impl/**/*.class]
DEBUG [main] - Resolved location pattern [classpath*:com/pinyougou/sellergoods/service/impl/**/*.class] to resources [file [/Users/kim/java_project/project/pinyougou/pinyougou-service/pinyougou-sellergoods-service/target/classes/com/pinyougou/sellergoods/service/impl/ItemCatServiceImpl.class], file [/Users/kim/java_project/project/pinyougou/pinyougou-service/pinyougou-sellergoods-service/target/classes/com/pinyougou/sellergoods/service/impl/SellerServiceImpl.class], file [/Users/kim/java_project/project/pinyougou/pinyougou-service/pinyougou-sellergoods-service/target/classes/com/pinyougou/sellergoods/service/impl/TypeTemplateServiceImpl.class], file [/Users/kim/java_project/project/pinyougou/pinyougou-service/pinyougou-sellergoods-service/target/classes/com/pinyougou/sellergoods/service/impl/SpecificationServiceImpl.class], file [/Users/kim/java_project/project/pinyougou/pinyougou-service/pinyougou-sellergoods-service/target/classes/com/pinyougou/sellergoods/service/impl/GoodsServiceImpl.class], file [/Users/kim/java_project/project/pinyougou/pinyougou-service/pinyougou-sellergoods-service/target/classes/com/pinyougou/sellergoods/service/impl/BrandServiceImpl.class]]
DEBUG [main] - Identified candidate component class: file [/Users/kim/java_project/project/pinyougou/pinyougou-service/pinyougou-sellergoods-service/target/classes/com/pinyougou/sellergoods/service/impl/ItemCatServiceImpl.class]
DEBUG [main] - Identified candidate component class: file [/Users/kim/java_project/project/pinyougou/pinyougou-service/pinyougou-sellergoods-service/target/classes/com/pinyougou/sellergoods/service/impl/SellerServiceImpl.class]
DEBUG [main] - Identified candidate component class: file [/Users/kim/java_project/project/pinyougou/pinyougou-service/pinyougou-sellergoods-service/target/classes/com/pinyougou/sellergoods/service/impl/TypeTemplateServiceImpl.class]
DEBUG [main] - Identified candidate component class: file [/Users/kim/java_project/project/pinyougou/pinyougou-service/pinyougou-sellergoods-service/target/classes/com/pinyougou/sellergoods/service/impl/SpecificationServiceImpl.class]
DEBUG [main] - Identified candidate component class: file [/Users/kim/java_project/project/pinyougou/pinyougou-service/pinyougou-sellergoods-service/target/classes/com/pinyougou/sellergoods/service/impl/GoodsServiceImpl.class]
DEBUG [main] - Identified candidate component class: file [/Users/kim/java_project/project/pinyougou/pinyougou-service/pinyougou-sellergoods-service/target/classes/com/pinyougou/sellergoods/service/impl/BrandServiceImpl.class]
DEBUG [main] - Creating shared instance of singleton bean &apos;org.springframework.context.annotation.internalAutowiredAnnotationProcessor&apos;
DEBUG [main] - Creating instance of bean &apos;org.springframework.context.annotation.internalAutowiredAnnotationProcessor&apos;
DEBUG [main] - Eagerly caching bean &apos;org.springframework.context.annotation.internalAutowiredAnnotationProcessor&apos; to allow for resolving potential circular references
DEBUG [main] - Finished creating instance of bean &apos;org.springframework.context.annotation.internalAutowiredAnnotationProcessor&apos;
DEBUG [main] - Creating shared instance of singleton bean &apos;org.springframework.context.annotation.internalRequiredAnnotationProcessor&apos;
DEBUG [main] - Creating instance of bean &apos;org.springframework.context.annotation.internalRequiredAnnotationProcessor&apos;
DEBUG [main] - Eagerly caching bean &apos;org.springframework.context.annotation.internalRequiredAnnotationProcessor&apos; to allow for resolving potential circular references
DEBUG [main] - Finished creating instance of bean &apos;org.springframework.context.annotation.internalRequiredAnnotationProcessor&apos;
DEBUG [main] - Creating shared instance of singleton bean &apos;org.springframework.context.annotation.internalCommonAnnotationProcessor&apos;
DEBUG [main] - Creating instance of bean &apos;org.springframework.context.annotation.internalCommonAnnotationProcessor&apos;
DEBUG [main] - Eagerly caching bean &apos;org.springframework.context.annotation.internalCommonAnnotationProcessor&apos; to allow for resolving potential circular references
DEBUG [main] - Finished creating instance of bean &apos;org.springframework.context.annotation.internalCommonAnnotationProcessor&apos;
DEBUG [main] - Creating shared instance of singleton bean &apos;org.springframework.context.annotation.ConfigurationClassPostProcessor.importAwareProcessor&apos;
DEBUG [main] - Creating instance of bean &apos;org.springframework.context.annotation.ConfigurationClassPostProcessor.importAwareProcessor&apos;
DEBUG [main] - Eagerly caching bean &apos;org.springframework.context.annotation.ConfigurationClassPostProcessor.importAwareProcessor&apos; to allow for resolving potential circular references
DEBUG [main] - Finished creating instance of bean &apos;org.springframework.context.annotation.ConfigurationClassPostProcessor.importAwareProcessor&apos;
DEBUG [main] - Creating shared instance of singleton bean &apos;org.springframework.context.annotation.ConfigurationClassPostProcessor.enhancedConfigurationProcessor&apos;
DEBUG [main] - Creating instance of bean &apos;org.springframework.context.annotation.ConfigurationClassPostProcessor.enhancedConfigurationProcessor&apos;
DEBUG [main] - Eagerly caching bean &apos;org.springframework.context.annotation.ConfigurationClassPostProcessor.enhancedConfigurationProcessor&apos; to allow for resolving potential circular references
DEBUG [main] - Finished creating instance of bean &apos;org.springframework.context.annotation.ConfigurationClassPostProcessor.enhancedConfigurationProcessor&apos;
DEBUG [main] - Returning cached instance of singleton bean &apos;com.alibaba.dubbo.config.spring.AnnotationBean&apos;
DEBUG [main] - Unable to locate MessageSource with name &apos;messageSource&apos;: using default [org.springframework.context.support.DelegatingMessageSource@145f66e3]
DEBUG [main] - Unable to locate ApplicationEventMulticaster with name &apos;applicationEventMulticaster&apos;: using default [org.springframework.context.event.SimpleApplicationEventMulticaster@2a4fb17b]
DEBUG [main] - Pre-instantiating singletons in org.springframework.beans.factory.support.DefaultListableBeanFactory@75c072cb: defining beans [pinyougou-sellergoods-service,dubbo,com.alibaba.dubbo.config.RegistryConfig,com.alibaba.dubbo.config.spring.AnnotationBean,org.springframework.context.support.PropertySourcesPlaceholderConfigurer#0,dataSource,sqlSessionFactory,org.mybatis.spring.mapper.MapperScannerConfigurer#0,org.springframework.context.annotation.internalConfigurationAnnotationProcessor,org.springframework.context.annotation.internalAutowiredAnnotationProcessor,org.springframework.context.annotation.internalRequiredAnnotationProcessor,org.springframework.context.annotation.internalCommonAnnotationProcessor,org.springframework.context.event.internalEventListenerProcessor,org.springframework.context.event.internalEventListenerFactory,org.springframework.context.annotation.ConfigurationClassPostProcessor.importAwareProcessor,org.springframework.context.annotation.ConfigurationClassPostProcessor.enhancedConfigurationProcessor,tbSellerMapper,tbUserMapper,tbTypeTemplateMapper,tbAddressMapper,tbAreasMapper,tbGoodsMapper,tbSeckillGoodsMapper,tbItemCatMapper,tbFreightTemplateMapper,tbCitiesMapper,tbSpecificationMapper,tbProvincesMapper,tbPayLogMapper,tbBrandMapper,tbSeckillOrderMapper,tbContentMapper,tbOrderItemMapper,tbGoodsDescMapper,tbContentCategoryMapper,tbOrderMapper,tbItemMapper,tbSpecificationOptionMapper,itemCatServiceImpl,sellerServiceImpl,typeTemplateServiceImpl,specificationServiceImpl,goodsServiceImpl,brandServiceImpl]; root of factory hierarchy
DEBUG [main] - Creating shared instance of singleton bean &apos;pinyougou-sellergoods-service&apos;
DEBUG [main] - Creating instance of bean &apos;pinyougou-sellergoods-service&apos;
DEBUG [main] - Eagerly caching bean &apos;pinyougou-sellergoods-service&apos; to allow for resolving potential circular references
DEBUG [main] - Finished creating instance of bean &apos;pinyougou-sellergoods-service&apos;
DEBUG [main] - Creating shared instance of singleton bean &apos;dubbo&apos;
DEBUG [main] - Creating instance of bean &apos;dubbo&apos;
DEBUG [main] - Eagerly caching bean &apos;dubbo&apos; to allow for resolving potential circular references
DEBUG [main] - Finished creating instance of bean &apos;dubbo&apos;
DEBUG [main] - Creating shared instance of singleton bean &apos;com.alibaba.dubbo.config.RegistryConfig&apos;
DEBUG [main] - Creating instance of bean &apos;com.alibaba.dubbo.config.RegistryConfig&apos;
DEBUG [main] - Eagerly caching bean &apos;com.alibaba.dubbo.config.RegistryConfig&apos; to allow for resolving potential circular references
DEBUG [main] - Finished creating instance of bean &apos;com.alibaba.dubbo.config.RegistryConfig&apos;
DEBUG [main] - Returning cached instance of singleton bean &apos;com.alibaba.dubbo.config.spring.AnnotationBean&apos;
DEBUG [main] - Returning cached instance of singleton bean &apos;org.springframework.context.support.PropertySourcesPlaceholderConfigurer#0&apos;
DEBUG [main] - Creating shared instance of singleton bean &apos;dataSource&apos;
DEBUG [main] - Creating instance of bean &apos;dataSource&apos;
DEBUG [main] - Eagerly caching bean &apos;dataSource&apos; to allow for resolving potential circular references
DEBUG [main] - Finished creating instance of bean &apos;dataSource&apos;
DEBUG [main] - Creating shared instance of singleton bean &apos;sqlSessionFactory&apos;
DEBUG [main] - Creating instance of bean &apos;sqlSessionFactory&apos;
DEBUG [main] - Logging initialized using &apos;class org.apache.ibatis.logging.slf4j.Slf4jImpl&apos; adapter.
DEBUG [main] - Eagerly caching bean &apos;sqlSessionFactory&apos; to allow for resolving potential circular references
DEBUG [main] - Returning cached instance of singleton bean &apos;dataSource&apos;
DEBUG [main] - Invoking afterPropertiesSet() on bean with name &apos;sqlSessionFactory&apos;
DEBUG [main] - Parsed configuration file: &apos;class path resource [mybatis/SqlMapConfig.xml]&apos;
DEBUG [main] - Property &apos;mapperLocations&apos; was not specified or no matching resources found
DEBUG [main] - Finished creating instance of bean &apos;sqlSessionFactory&apos;
DEBUG [main] - Returning cached instance of singleton bean &apos;org.mybatis.spring.mapper.MapperScannerConfigurer#0&apos;
DEBUG [main] - Returning cached instance of singleton bean &apos;org.springframework.context.annotation.internalConfigurationAnnotationProcessor&apos;
DEBUG [main] - Returning cached instance of singleton bean &apos;org.springframework.context.annotation.internalAutowiredAnnotationProcessor&apos;
DEBUG [main] - Returning cached instance of singleton bean &apos;org.springframework.context.annotation.internalRequiredAnnotationProcessor&apos;
DEBUG [main] - Returning cached instance of singleton bean &apos;org.springframework.context.annotation.internalCommonAnnotationProcessor&apos;
DEBUG [main] - Creating shared instance of singleton bean &apos;org.springframework.context.event.internalEventListenerProcessor&apos;
DEBUG [main] - Creating instance of bean &apos;org.springframework.context.event.internalEventListenerProcessor&apos;
DEBUG [main] - Eagerly caching bean &apos;org.springframework.context.event.internalEventListenerProcessor&apos; to allow for resolving potential circular references
DEBUG [main] - Finished creating instance of bean &apos;org.springframework.context.event.internalEventListenerProcessor&apos;
DEBUG [main] - Creating shared instance of singleton bean &apos;org.springframework.context.event.internalEventListenerFactory&apos;
DEBUG [main] - Creating instance of bean &apos;org.springframework.context.event.internalEventListenerFactory&apos;
DEBUG [main] - Eagerly caching bean &apos;org.springframework.context.event.internalEventListenerFactory&apos; to allow for resolving potential circular references
DEBUG [main] - Finished creating instance of bean &apos;org.springframework.context.event.internalEventListenerFactory&apos;
DEBUG [main] - Returning cached instance of singleton bean &apos;org.springframework.context.annotation.ConfigurationClassPostProcessor.importAwareProcessor&apos;
DEBUG [main] - Returning cached instance of singleton bean &apos;org.springframework.context.annotation.ConfigurationClassPostProcessor.enhancedConfigurationProcessor&apos;
DEBUG [main] - Creating shared instance of singleton bean &apos;tbSellerMapper&apos;
DEBUG [main] - Creating instance of bean &apos;tbSellerMapper&apos;
DEBUG [main] - Eagerly caching bean &apos;tbSellerMapper&apos; to allow for resolving potential circular references
DEBUG [main] - Returning eagerly cached instance of singleton bean &apos;tbSellerMapper&apos; that is not fully initialized yet - a consequence of a circular reference
DEBUG [main] - Creating shared instance of singleton bean &apos;tbUserMapper&apos;
DEBUG [main] - Creating instance of bean &apos;tbUserMapper&apos;
DEBUG [main] - Eagerly caching bean &apos;tbUserMapper&apos; to allow for resolving potential circular references
DEBUG [main] - Returning eagerly cached instance of singleton bean &apos;tbUserMapper&apos; that is not fully initialized yet - a consequence of a circular reference
DEBUG [main] - Creating shared instance of singleton bean &apos;tbTypeTemplateMapper&apos;
DEBUG [main] - Creating instance of bean &apos;tbTypeTemplateMapper&apos;
DEBUG [main] - Eagerly caching bean &apos;tbTypeTemplateMapper&apos; to allow for resolving potential circular references
DEBUG [main] - Returning eagerly cached instance of singleton bean &apos;tbTypeTemplateMapper&apos; that is not fully initialized yet - a consequence of a circular reference
DEBUG [main] - Creating shared instance of singleton bean &apos;tbAddressMapper&apos;
DEBUG [main] - Creating instance of bean &apos;tbAddressMapper&apos;
DEBUG [main] - Eagerly caching bean &apos;tbAddressMapper&apos; to allow for resolving potential circular references
DEBUG [main] - Returning eagerly cached instance of singleton bean &apos;tbAddressMapper&apos; that is not fully initialized yet - a consequence of a circular reference
DEBUG [main] - Creating shared instance of singleton bean &apos;tbAreasMapper&apos;
DEBUG [main] - Creating instance of bean &apos;tbAreasMapper&apos;
DEBUG [main] - Eagerly caching bean &apos;tbAreasMapper&apos; to allow for resolving potential circular references
DEBUG [main] - Returning eagerly cached instance of singleton bean &apos;tbAreasMapper&apos; that is not fully initialized yet - a consequence of a circular reference
DEBUG [main] - Creating shared instance of singleton bean &apos;tbGoodsMapper&apos;
DEBUG [main] - Creating instance of bean &apos;tbGoodsMapper&apos;
DEBUG [main] - Eagerly caching bean &apos;tbGoodsMapper&apos; to allow for resolving potential circular references
DEBUG [main] - Returning eagerly cached instance of singleton bean &apos;tbGoodsMapper&apos; that is not fully initialized yet - a consequence of a circular reference
DEBUG [main] - Creating shared instance of singleton bean &apos;tbSeckillGoodsMapper&apos;
DEBUG [main] - Creating instance of bean &apos;tbSeckillGoodsMapper&apos;
DEBUG [main] - Eagerly caching bean &apos;tbSeckillGoodsMapper&apos; to allow for resolving potential circular references
DEBUG [main] - Returning eagerly cached instance of singleton bean &apos;tbSeckillGoodsMapper&apos; that is not fully initialized yet - a consequence of a circular reference
DEBUG [main] - Creating shared instance of singleton bean &apos;tbItemCatMapper&apos;
DEBUG [main] - Creating instance of bean &apos;tbItemCatMapper&apos;
DEBUG [main] - Eagerly caching bean &apos;tbItemCatMapper&apos; to allow for resolving potential circular references
DEBUG [main] - Returning eagerly cached instance of singleton bean &apos;tbItemCatMapper&apos; that is not fully initialized yet - a consequence of a circular reference
DEBUG [main] - Creating shared instance of singleton bean &apos;tbFreightTemplateMapper&apos;
DEBUG [main] - Creating instance of bean &apos;tbFreightTemplateMapper&apos;
DEBUG [main] - Eagerly caching bean &apos;tbFreightTemplateMapper&apos; to allow for resolving potential circular references
DEBUG [main] - Returning eagerly cached instance of singleton bean &apos;tbFreightTemplateMapper&apos; that is not fully initialized yet - a consequence of a circular reference
DEBUG [main] - Creating shared instance of singleton bean &apos;tbCitiesMapper&apos;
DEBUG [main] - Creating instance of bean &apos;tbCitiesMapper&apos;
DEBUG [main] - Eagerly caching bean &apos;tbCitiesMapper&apos; to allow for resolving potential circular references
DEBUG [main] - Returning eagerly cached instance of singleton bean &apos;tbCitiesMapper&apos; that is not fully initialized yet - a consequence of a circular reference
DEBUG [main] - Creating shared instance of singleton bean &apos;tbSpecificationMapper&apos;
DEBUG [main] - Creating instance of bean &apos;tbSpecificationMapper&apos;
DEBUG [main] - Eagerly caching bean &apos;tbSpecificationMapper&apos; to allow for resolving potential circular references
DEBUG [main] - Returning eagerly cached instance of singleton bean &apos;tbSpecificationMapper&apos; that is not fully initialized yet - a consequence of a circular reference
DEBUG [main] - Creating shared instance of singleton bean &apos;tbProvincesMapper&apos;
DEBUG [main] - Creating instance of bean &apos;tbProvincesMapper&apos;
DEBUG [main] - Eagerly caching bean &apos;tbProvincesMapper&apos; to allow for resolving potential circular references
DEBUG [main] - Returning eagerly cached instance of singleton bean &apos;tbProvincesMapper&apos; that is not fully initialized yet - a consequence of a circular reference
DEBUG [main] - Creating shared instance of singleton bean &apos;tbPayLogMapper&apos;
DEBUG [main] - Creating instance of bean &apos;tbPayLogMapper&apos;
DEBUG [main] - Eagerly caching bean &apos;tbPayLogMapper&apos; to allow for resolving potential circular references
DEBUG [main] - Returning eagerly cached instance of singleton bean &apos;tbPayLogMapper&apos; that is not fully initialized yet - a consequence of a circular reference
DEBUG [main] - Creating shared instance of singleton bean &apos;tbBrandMapper&apos;
DEBUG [main] - Creating instance of bean &apos;tbBrandMapper&apos;
DEBUG [main] - Eagerly caching bean &apos;tbBrandMapper&apos; to allow for resolving potential circular references
DEBUG [main] - Returning eagerly cached instance of singleton bean &apos;tbBrandMapper&apos; that is not fully initialized yet - a consequence of a circular reference
DEBUG [main] - Creating shared instance of singleton bean &apos;tbSeckillOrderMapper&apos;
DEBUG [main] - Creating instance of bean &apos;tbSeckillOrderMapper&apos;
DEBUG [main] - Eagerly caching bean &apos;tbSeckillOrderMapper&apos; to allow for resolving potential circular references
DEBUG [main] - Returning eagerly cached instance of singleton bean &apos;tbSeckillOrderMapper&apos; that is not fully initialized yet - a consequence of a circular reference
DEBUG [main] - Creating shared instance of singleton bean &apos;tbContentMapper&apos;
DEBUG [main] - Creating instance of bean &apos;tbContentMapper&apos;
DEBUG [main] - Eagerly caching bean &apos;tbContentMapper&apos; to allow for resolving potential circular references
DEBUG [main] - Returning eagerly cached instance of singleton bean &apos;tbContentMapper&apos; that is not fully initialized yet - a consequence of a circular reference
DEBUG [main] - Creating shared instance of singleton bean &apos;tbOrderItemMapper&apos;
DEBUG [main] - Creating instance of bean &apos;tbOrderItemMapper&apos;
DEBUG [main] - Eagerly caching bean &apos;tbOrderItemMapper&apos; to allow for resolving potential circular references
DEBUG [main] - Returning eagerly cached instance of singleton bean &apos;tbOrderItemMapper&apos; that is not fully initialized yet - a consequence of a circular reference
DEBUG [main] - Creating shared instance of singleton bean &apos;tbGoodsDescMapper&apos;
DEBUG [main] - Creating instance of bean &apos;tbGoodsDescMapper&apos;
DEBUG [main] - Eagerly caching bean &apos;tbGoodsDescMapper&apos; to allow for resolving potential circular references
DEBUG [main] - Returning eagerly cached instance of singleton bean &apos;tbGoodsDescMapper&apos; that is not fully initialized yet - a consequence of a circular reference
DEBUG [main] - Creating shared instance of singleton bean &apos;tbContentCategoryMapper&apos;
DEBUG [main] - Creating instance of bean &apos;tbContentCategoryMapper&apos;
DEBUG [main] - Eagerly caching bean &apos;tbContentCategoryMapper&apos; to allow for resolving potential circular references
DEBUG [main] - Returning eagerly cached instance of singleton bean &apos;tbContentCategoryMapper&apos; that is not fully initialized yet - a consequence of a circular reference
DEBUG [main] - Creating shared instance of singleton bean &apos;tbOrderMapper&apos;
DEBUG [main] - Creating instance of bean &apos;tbOrderMapper&apos;
DEBUG [main] - Eagerly caching bean &apos;tbOrderMapper&apos; to allow for resolving potential circular references
DEBUG [main] - Returning eagerly cached instance of singleton bean &apos;tbOrderMapper&apos; that is not fully initialized yet - a consequence of a circular reference
DEBUG [main] - Creating shared instance of singleton bean &apos;tbItemMapper&apos;
DEBUG [main] - Creating instance of bean &apos;tbItemMapper&apos;
DEBUG [main] - Eagerly caching bean &apos;tbItemMapper&apos; to allow for resolving potential circular references
DEBUG [main] - Returning eagerly cached instance of singleton bean &apos;tbItemMapper&apos; that is not fully initialized yet - a consequence of a circular reference
DEBUG [main] - Creating shared instance of singleton bean &apos;tbSpecificationOptionMapper&apos;
DEBUG [main] - Creating instance of bean &apos;tbSpecificationOptionMapper&apos;
DEBUG [main] - Eagerly caching bean &apos;tbSpecificationOptionMapper&apos; to allow for resolving potential circular references
DEBUG [main] - Returning eagerly cached instance of singleton bean &apos;tbSpecificationOptionMapper&apos; that is not fully initialized yet - a consequence of a circular reference
DEBUG [main] - Returning cached instance of singleton bean &apos;sqlSessionFactory&apos;
DEBUG [main] - Autowiring by type from bean name &apos;tbSpecificationOptionMapper&apos; via property &apos;sqlSessionFactory&apos; to bean named &apos;sqlSessionFactory&apos;
DEBUG [main] - Invoking afterPropertiesSet() on bean with name &apos;tbSpecificationOptionMapper&apos;
DEBUG [main] - Finished creating instance of bean &apos;tbSpecificationOptionMapper&apos;
DEBUG [main] - Returning cached instance of singleton bean &apos;sqlSessionFactory&apos;
DEBUG [main] - Autowiring by type from bean name &apos;tbItemMapper&apos; via property &apos;sqlSessionFactory&apos; to bean named &apos;sqlSessionFactory&apos;
DEBUG [main] - Invoking afterPropertiesSet() on bean with name &apos;tbItemMapper&apos;
DEBUG [main] - Finished creating instance of bean &apos;tbItemMapper&apos;
DEBUG [main] - Returning cached instance of singleton bean &apos;sqlSessionFactory&apos;
DEBUG [main] - Autowiring by type from bean name &apos;tbOrderMapper&apos; via property &apos;sqlSessionFactory&apos; to bean named &apos;sqlSessionFactory&apos;
DEBUG [main] - Invoking afterPropertiesSet() on bean with name &apos;tbOrderMapper&apos;
DEBUG [main] - Finished creating instance of bean &apos;tbOrderMapper&apos;
DEBUG [main] - Returning cached instance of singleton bean &apos;sqlSessionFactory&apos;
DEBUG [main] - Autowiring by type from bean name &apos;tbContentCategoryMapper&apos; via property &apos;sqlSessionFactory&apos; to bean named &apos;sqlSessionFactory&apos;
DEBUG [main] - Invoking afterPropertiesSet() on bean with name &apos;tbContentCategoryMapper&apos;
DEBUG [main] - Finished creating instance of bean &apos;tbContentCategoryMapper&apos;
DEBUG [main] - Returning cached instance of singleton bean &apos;sqlSessionFactory&apos;
DEBUG [main] - Autowiring by type from bean name &apos;tbGoodsDescMapper&apos; via property &apos;sqlSessionFactory&apos; to bean named &apos;sqlSessionFactory&apos;
[...]
com.alibaba.dubbo.registry.RegistryFactory extension = (com.alibaba.dubbo.registry.RegistryFactory)ExtensionLoader.getExtensionLoader(com.alibaba.dubbo.registry.RegistryFactory.class).getExtension(extName);
return extension.getRegistry(arg0);
}
}, dubbo version: 2.8.4, current host: 127.0.0.1
DEBUG [main] -  [DUBBO] package com.alibaba.dubbo.rpc.cluster;
import com.alibaba.dubbo.common.extension.ExtensionLoader;
public class Cluster$Adpative implements com.alibaba.dubbo.rpc.cluster.Cluster {
public com.alibaba.dubbo.rpc.Invoker join(com.alibaba.dubbo.rpc.cluster.Directory arg0) throws com.alibaba.dubbo.rpc.cluster.Directory {
if (arg0 == null) throw new IllegalArgumentException(&quot;com.alibaba.dubbo.rpc.cluster.Directory argument == null&quot;);
if (arg0.getUrl() == null) throw new IllegalArgumentException(&quot;com.alibaba.dubbo.rpc.cluster.Directory argument getUrl() == null&quot;);com.alibaba.dubbo.common.URL url = arg0.getUrl();
String extName = url.getParameter(&quot;cluster&quot;, &quot;failover&quot;);
if(extName == null) throw new IllegalStateException(&quot;Fail to get extension(com.alibaba.dubbo.rpc.cluster.Cluster) name from url(&quot; + url.toString() + &quot;) use keys([cluster])&quot;);
com.alibaba.dubbo.rpc.cluster.Cluster extension = (com.alibaba.dubbo.rpc.cluster.Cluster)ExtensionLoader.getExtensionLoader(com.alibaba.dubbo.rpc.cluster.Cluster.class).getExtension(extName);
return extension.join(arg0);
}
}, dubbo version: 2.8.4, current host: 127.0.0.1
DEBUG [main] -  [DUBBO] package com.alibaba.dubbo.remoting;
import com.alibaba.dubbo.common.extension.ExtensionLoader;
public class Transporter$Adpative implements com.alibaba.dubbo.remoting.Transporter {
public com.alibaba.dubbo.remoting.Client connect(com.alibaba.dubbo.common.URL arg0, com.alibaba.dubbo.remoting.ChannelHandler arg1) throws com.alibaba.dubbo.common.URL {
if (arg0 == null) throw new IllegalArgumentException(&quot;url == null&quot;);
com.alibaba.dubbo.common.URL url = arg0;
String extName = url.getParameter(&quot;client&quot;, url.getParameter(&quot;transporter&quot;, &quot;netty&quot;));
if(extName == null) throw new IllegalStateException(&quot;Fail to get extension(com.alibaba.dubbo.remoting.Transporter) name from url(&quot; + url.toString() + &quot;) use keys([client, transporter])&quot;);
com.alibaba.dubbo.remoting.Transporter extension = (com.alibaba.dubbo.remoting.Transporter)ExtensionLoader.getExtensionLoader(com.alibaba.dubbo.remoting.Transporter.class).getExtension(extName);
return extension.connect(arg0, arg1);
}
public com.alibaba.dubbo.remoting.Server bind(com.alibaba.dubbo.common.URL arg0, com.alibaba.dubbo.remoting.ChannelHandler arg1) throws com.alibaba.dubbo.common.URL {
if (arg0 == null) throw new IllegalArgumentException(&quot;url == null&quot;);
com.alibaba.dubbo.common.URL url = arg0;
String extName = url.getParameter(&quot;server&quot;, url.getParameter(&quot;transporter&quot;, &quot;netty&quot;));
if(extName == null) throw new IllegalStateException(&quot;Fail to get extension(com.alibaba.dubbo.remoting.Transporter) name from url(&quot; + url.toString() + &quot;) use keys([server, transporter])&quot;);
com.alibaba.dubbo.remoting.Transporter extension = (com.alibaba.dubbo.remoting.Transporter)ExtensionLoader.getExtensionLoader(com.alibaba.dubbo.remoting.Transporter.class).getExtension(extName);
return extension.bind(arg0, arg1);
}
}, dubbo version: 2.8.4, current host: 127.0.0.1
DEBUG [main] -  [DUBBO] package com.alibaba.dubbo.remoting;
import com.alibaba.dubbo.common.extension.ExtensionLoader;
public class Dispatcher$Adpative implements com.alibaba.dubbo.remoting.Dispatcher {
public com.alibaba.dubbo.remoting.ChannelHandler dispatch(com.alibaba.dubbo.remoting.ChannelHandler arg0, com.alibaba.dubbo.common.URL arg1) {
if (arg1 == null) throw new IllegalArgumentException(&quot;url == null&quot;);
com.alibaba.dubbo.common.URL url = arg1;
String extName = url.getParameter(&quot;dispatcher&quot;, url.getParameter(&quot;dispather&quot;, url.getParameter(&quot;channel.handler&quot;, &quot;all&quot;)));
if(extName == null) throw new IllegalStateException(&quot;Fail to get extension(com.alibaba.dubbo.remoting.Dispatcher) name from url(&quot; + url.toString() + &quot;) use keys([dispatcher, dispather, channel.handler])&quot;);
com.alibaba.dubbo.remoting.Dispatcher extension = (com.alibaba.dubbo.remoting.Dispatcher)ExtensionLoader.getExtensionLoader(com.alibaba.dubbo.remoting.Dispatcher.class).getExtension(extName);
return extension.dispatch(arg0, arg1);
}
}, dubbo version: 2.8.4, current host: 127.0.0.1
DEBUG [main] -  [DUBBO] package com.alibaba.dubbo.common.threadpool;
import com.alibaba.dubbo.common.extension.ExtensionLoader;
public class ThreadPool$Adpative implements com.alibaba.dubbo.common.threadpool.ThreadPool {
public java.util.concurrent.Executor getExecutor(com.alibaba.dubbo.common.URL arg0) {
if (arg0 == null) throw new IllegalArgumentException(&quot;url == null&quot;);
com.alibaba.dubbo.common.URL url = arg0;
String extName = url.getParameter(&quot;threadpool&quot;, &quot;fixed&quot;);
if(extName == null) throw new IllegalStateException(&quot;Fail to get extension(com.alibaba.dubbo.common.threadpool.ThreadPool) name from url(&quot; + url.toString() + &quot;) use keys([threadpool])&quot;);
com.alibaba.dubbo.common.threadpool.ThreadPool extension = (com.alibaba.dubbo.common.threadpool.ThreadPool)ExtensionLoader.getExtensionLoader(com.alibaba.dubbo.common.threadpool.ThreadPool.class).getExtension(extName);
return extension.getExecutor(arg0);
}
}, dubbo version: 2.8.4, current host: 127.0.0.1
DEBUG [main] -  [DUBBO] Using select timeout of 500, dubbo version: 2.8.4, current host: 127.0.0.1
DEBUG [main] -  [DUBBO] Epoll-bug workaround enabled = false, dubbo version: 2.8.4, current host: 127.0.0.1
 WARN [main] - Exception encountered during context initialization - cancelling refresh attempt: org.springframework.beans.factory.BeanCreationException: Error creating bean with name &apos;itemCatServiceImpl&apos; defined in file [/Users/kim/java_project/project/pinyougou/pinyougou-service/pinyougou-sellergoods-service/target/classes/com/pinyougou/sellergoods/service/impl/ItemCatServiceImpl.class]: Initialization of bean failed; nested exception is com.alibaba.dubbo.rpc.RpcException: Fail to start server(url: dubbo://169.254.8.23:20883/com.pinyougou.sellergoods.service.ItemCatService?anyhost=true&amp;application=pinyougou-sellergoods-service&amp;channel.readonly.sent=true&amp;codec=dubbo&amp;dubbo=2.8.4&amp;generic=false&amp;heartbeat=60000&amp;interface=com.pinyougou.sellergoods.service.ItemCatService&amp;methods=add,findByParentId,findOne,update,findPage,delete,findAll&amp;pid=64414&amp;revision=1.0-SNAPSHOT&amp;side=provider&amp;timestamp=1559219807164) Failed to bind NettyServer on /169.254.8.23:20883, cause: Failed to bind to: /0.0.0.0:20883
DEBUG [main] - Destroying singletons in org.springframework.beans.factory.support.DefaultListableBeanFactory@75c072cb: defining beans [pinyougou-sellergoods-service,dubbo,com.alibaba.dubbo.config.RegistryConfig,com.alibaba.dubbo.config.spring.AnnotationBean,org.springframework.context.support.PropertySourcesPlaceholderConfigurer#0,dataSource,sqlSessionFactory,org.mybatis.spring.mapper.MapperScannerConfigurer#0,org.springframework.context.annotation.internalConfigurationAnnotationProcessor,org.springframework.context.annotation.internalAutowiredAnnotationProcessor,org.springframework.context.annotation.internalRequiredAnnotationProcessor,org.springframework.context.annotation.internalCommonAnnotationProcessor,org.springframework.context.event.internalEventListenerProcessor,org.springframework.context.event.internalEventListenerFactory,org.springframework.context.annotation.ConfigurationClassPostProcessor.importAwareProcessor,org.springframework.context.annotation.ConfigurationClassPostProcessor.enhancedConfigurationProcessor,tbSellerMapper,tbUserMapper,tbTypeTemplateMapper,tbAddressMapper,tbAreasMapper,tbGoodsMapper,tbSeckillGoodsMapper,tbItemCatMapper,tbFreightTemplateMapper,tbCitiesMapper,tbSpecificationMapper,tbProvincesMapper,tbPayLogMapper,tbBrandMapper,tbSeckillOrderMapper,tbContentMapper,tbOrderItemMapper,tbGoodsDescMapper,tbContentCategoryMapper,tbOrderMapper,tbItemMapper,tbSpecificationOptionMapper,itemCatServiceImpl,sellerServiceImpl,typeTemplateServiceImpl,specificationServiceImpl,goodsServiceImpl,brandServiceImpl]; root of factory hierarchy
DEBUG [main] - Invoking destroy method &apos;close&apos; on bean with name &apos;dataSource&apos;
DEBUG [main] - Invoking destroy() on bean with name &apos;com.alibaba.dubbo.config.spring.AnnotationBean&apos;
ERROR [main] - Caught exception while allowing TestExecutionListener [org.springframework.test.context.support.DependencyInjectionTestExecutionListener@7d9d1a19] to prepare test instance [TestMapper@2f686d1f]
java.lang.IllegalStateException: Failed to load ApplicationContext
	at org.springframework.test.context.cache.DefaultCacheAwareContextLoaderDelegate.loadContext(DefaultCacheAwareContextLoaderDelegate.java:124)
	at org.springframework.test.context.support.DefaultTestContext.getApplicationContext(DefaultTestContext.java:83)
	at org.springframework.test.context.support.DependencyInjectionTestExecutionListener.injectDependencies(DependencyInjectionTestExecutionListener.java:117)
	at org.springframework.test.context.support.DependencyInjectionTestExecutionListener.prepareTestInstance(DependencyInjectionTestExecutionListener.java:83)
	at org.springframework.test.context.TestContextManager.prepareTestInstance(TestContextManager.java:228)
	at org.springframework.test.context.junit4.SpringJUnit4ClassRunner.createTest(SpringJUnit4ClassRunner.java:230)
	at org.springframework.test.context.junit4.SpringJUnit4ClassRunner$1.runReflectiveCall(SpringJUnit4ClassRunner.java:289)
	at org.junit.internal.runners.model.ReflectiveCallable.run(ReflectiveCallable.java:15)
	at org.springframework.test.context.junit4.SpringJUnit4ClassRunner.methodBlock(SpringJUnit4ClassRunner.java:291)
	at org.springframework.test.context.junit4.SpringJUnit4ClassRunner.runChild(SpringJUnit4ClassRunner.java:249)
	at org.springframework.test.context.junit4.SpringJUnit4ClassRunner.runChild(SpringJUnit4ClassRunner.java:89)
	at org.junit.runners.ParentRunner$3.run(ParentRunner.java:231)
	at org.junit.runners.ParentRunner$1.schedule(ParentRunner.java:60)
	at org.junit.runners.ParentRunner.runChildren(ParentRunner.java:229)
	at org.junit.runners.ParentRunner.access$000(ParentRunner.java:50)
	at org.junit.runners.ParentRunner$2.evaluate(ParentRunner.java:222)
	at org.springframework.test.context.junit4.statements.RunBeforeTestClassCallbacks.evaluate(RunBeforeTestClassCallbacks.java:61)
	at org.springframework.test.context.junit4.statements.RunAfterTestClassCallbacks.evaluate(RunAfterTestClassCallbacks.java:70)
	at org.junit.runners.ParentRunner.run(ParentRunner.java:292)
	at org.springframework.test.context.junit4.SpringJUnit4ClassRunner.run(SpringJUnit4ClassRunner.java:193)
	at org.apache.maven.surefire.junit4.JUnit4Provider.execute(JUnit4Provider.java:252)
	at org.apache.maven.surefire.junit4.JUnit4Provider.executeTestSet(JUnit4Provider.java:141)
	at org.apache.maven.surefire.junit4.JUnit4Provider.invoke(JUnit4Provider.java:112)
	at sun.reflect.NativeMethodAccessorImpl.invoke0(Native Method)
	at sun.reflect.NativeMethodAccessorImpl.invoke(NativeMethodAccessorImpl.java:62)
	at sun.reflect.DelegatingMethodAccessorImpl.invoke(DelegatingMethodAccessorImpl.java:43)
	at java.lang.reflect.Method.invoke(Method.java:498)
	at org.apache.maven.surefire.util.ReflectionUtils.invokeMethodWithArray(ReflectionUtils.java:189)
	at org.apache.maven.surefire.booter.ProviderFactory$ProviderProxy.invoke(ProviderFactory.java:165)
	at org.apache.maven.surefire.booter.ProviderFactory.invokeProvider(ProviderFactory.java:85)
	at org.apache.maven.surefire.booter.ForkedBooter.runSuitesInProcess(ForkedBooter.java:115)
	at org.apache.maven.surefire.booter.ForkedBooter.main(ForkedBooter.java:75)
Caused by: org.springframework.beans.factory.BeanCreationException: Error creating bean with name &apos;itemCatServiceImpl&apos; defined in file [/Users/kim/java_project/project/pinyougou/pinyougou-service/pinyougou-sellergoods-service/target/classes/com/pinyougou/sellergoods/service/impl/ItemCatServiceImpl.class]: Initialization of bean failed; nested exception is com.alibaba.dubbo.rpc.RpcException: Fail to start server(url: dubbo://169.254.8.23:20883/com.pinyougou.sellergoods.service.ItemCatService?anyhost=true&amp;application=pinyougou-sellergoods-service&amp;channel.readonly.sent=true&amp;codec=dubbo&amp;dubbo=2.8.4&amp;generic=false&amp;heartbeat=60000&amp;interface=com.pinyougou.sellergoods.service.ItemCatService&amp;methods=add,findByParentId,findOne,update,findPage,delete,findAll&amp;pid=64414&amp;revision=1.0-SNAPSHOT&amp;side=provider&amp;timestamp=1559219807164) Failed to bind NettyServer on /169.254.8.23:20883, cause: Failed to bind to: /0.0.0.0:20883
	at org.springframework.beans.factory.support.AbstractAutowireCapableBeanFactory.doCreateBean(AbstractAutowireCapableBeanFactory.java:553)
	at org.springframework.beans.factory.support.AbstractAutowireCapableBeanFactory.createBean(AbstractAutowireCapableBeanFactory.java:482)
	at org.springframework.beans.factory.support.AbstractBeanFactory$1.getObject(AbstractBeanFactory.java:306)
	at org.springframework.beans.factory.support.DefaultSingletonBeanRegistry.getSingleton(DefaultSingletonBeanRegistry.java:230)
	at org.springframework.beans.factory.support.AbstractBeanFactory.doGetBean(AbstractBeanFactory.java:302)
	at org.springframework.beans.factory.support.AbstractBeanFactory.getBean(AbstractBeanFactory.java:197)
	at org.springframework.beans.factory.support.DefaultListableBeanFactory.preInstantiateSingletons(DefaultListableBeanFactory.java:772)
	at org.springframework.context.support.AbstractApplicationContext.finishBeanFactoryInitialization(AbstractApplicationContext.java:839)
	at org.springframework.context.support.AbstractApplicationContext.refresh(AbstractApplicationContext.java:538)
	at org.springframework.test.context.support.AbstractGenericContextLoader.loadContext(AbstractGenericContextLoader.java:125)
	at org.springframework.test.context.support.AbstractGenericContextLoader.loadContext(AbstractGenericContextLoader.java:60)
	at org.springframework.test.context.support.AbstractDelegatingSmartContextLoader.delegateLoading(AbstractDelegatingSmartContextLoader.java:109)
	at org.springframework.test.context.support.AbstractDelegatingSmartContextLoader.loadContext(AbstractDelegatingSmartContextLoader.java:261)
	at org.springframework.test.context.cache.DefaultCacheAwareContextLoaderDelegate.loadContextInternal(DefaultCacheAwareContextLoaderDelegate.java:98)
	at org.springframework.test.context.cache.DefaultCacheAwareContextLoaderDelegate.loadContext(DefaultCacheAwareContextLoaderDelegate.java:116)
	... 31 more
Caused by: com.alibaba.dubbo.rpc.RpcException: Fail to start server(url: dubbo://169.254.8.23:20883/com.pinyougou.sellergoods.service.ItemCatService?anyhost=true&amp;application=pinyougou-sellergoods-service&amp;channel.readonly.sent=true&amp;codec=dubbo&amp;dubbo=2.8.4&amp;generic=false&amp;heartbeat=60000&amp;interface=com.pinyougou.sellergoods.service.ItemCatService&amp;methods=add,findByParentId,findOne,update,findPage,delete,findAll&amp;pid=64414&amp;revision=1.0-SNAPSHOT&amp;side=provider&amp;timestamp=1559219807164) Failed to bind NettyServer on /169.254.8.23:20883, cause: Failed to bind to: /0.0.0.0:20883
	at com.alibaba.dubbo.rpc.protocol.dubbo.DubboProtocol.createServer(DubboProtocol.java:331)
	at com.alibaba.dubbo.rpc.protocol.dubbo.DubboProtocol.openServer(DubboProtocol.java:308)
	at com.alibaba.dubbo.rpc.protocol.dubbo.DubboProtocol.export(DubboProtocol.java:258)
	at com.alibaba.dubbo.rpc.protocol.ProtocolFilterWrapper.export(ProtocolFilterWrapper.java:55)
	at com.alibaba.dubbo.rpc.protocol.ProtocolListenerWrapper.export(ProtocolListenerWrapper.java:56)
	at com.alibaba.dubbo.rpc.Protocol$Adpative.export(Protocol$Adpative.java)
	at com.alibaba.dubbo.registry.integration.RegistryProtocol.doLocalExport(RegistryProtocol.java:153)
	at com.alibaba.dubbo.registry.integration.RegistryProtocol.export(RegistryProtocol.java:107)
	at com.alibaba.dubbo.rpc.protocol.ProtocolFilterWrapper.export(ProtocolFilterWrapper.java:53)
	at com.alibaba.dubbo.rpc.protocol.ProtocolListenerWrapper.export(ProtocolListenerWrapper.java:54)
	at com.alibaba.dubbo.rpc.Protocol$Adpative.export(Protocol$Adpative.java)
	at com.alibaba.dubbo.config.ServiceConfig.doExportUrlsFor1Protocol(ServiceConfig.java:489)
	at com.alibaba.dubbo.config.ServiceConfig.doExportUrls(ServiceConfig.java:285)
	at com.alibaba.dubbo.config.ServiceConfig.doExport(ServiceConfig.java:246)
	at com.alibaba.dubbo.config.ServiceConfig.export(ServiceConfig.java:145)
	at com.alibaba.dubbo.config.spring.AnnotationBean.postProcessAfterInitialization(AnnotationBean.java:202)
	at org.springframework.beans.factory.support.AbstractAutowireCapableBeanFactory.applyBeanPostProcessorsAfterInitialization(AbstractAutowireCapableBeanFactory.java:422)
	at org.springframework.beans.factory.support.AbstractAutowireCapableBeanFactory.initializeBean(AbstractAutowireCapableBeanFactory.java:1583)
	at org.springframework.beans.factory.support.AbstractAutowireCapableBeanFactory.doCreateBean(AbstractAutowireCapableBeanFactory.java:545)
	... 45 more
Caused by: com.alibaba.dubbo.remoting.RemotingException: Failed to bind NettyServer on /169.254.8.23:20883, cause: Failed to bind to: /0.0.0.0:20883
	at com.alibaba.dubbo.remoting.transport.AbstractServer.&lt;init&gt;(AbstractServer.java:73)
	at com.alibaba.dubbo.remoting.transport.netty.NettyServer.&lt;init&gt;(NettyServer.java:63)
	at com.alibaba.dubbo.remoting.transport.netty.NettyTransporter.bind(NettyTransporter.java:33)
	at com.alibaba.dubbo.remoting.Transporter$Adpative.bind(Transporter$Adpative.java)
	at com.alibaba.dubbo.remoting.Transporters.bind(Transporters.java:48)
	at com.alibaba.dubbo.remoting.exchange.support.header.HeaderExchanger.bind(HeaderExchanger.java:41)
	at com.alibaba.dubbo.remoting.exchange.Exchangers.bind(Exchangers.java:63)
	at com.alibaba.dubbo.rpc.protocol.dubbo.DubboProtocol.createServer(DubboProtocol.java:329)
	... 63 more
Caused by: org.jboss.netty.channel.ChannelException: Failed to bind to: /0.0.0.0:20883
	at org.jboss.netty.bootstrap.ServerBootstrap.bind(ServerBootstrap.java:272)
	at com.alibaba.dubbo.remoting.transport.netty.NettyServer.doOpen(NettyServer.java:94)
	at com.alibaba.dubbo.remoting.transport.AbstractServer.&lt;init&gt;(AbstractServer.java:68)
	... 70 more
Caused by: java.net.BindException: Address already in use
	at sun.nio.ch.Net.bind0(Native Method)
	at sun.nio.ch.Net.bind(Net.java:433)
	at sun.nio.ch.Net.bind(Net.java:425)
	at sun.nio.ch.ServerSocketChannelImpl.bind(ServerSocketChannelImpl.java:223)
	at sun.nio.ch.ServerSocketAdaptor.bind(ServerSocketAdaptor.java:74)
	at org.jboss.netty.channel.socket.nio.NioServerBoss$RegisterTask.run(NioServerBoss.java:193)
	at org.jboss.netty.channel.socket.nio.AbstractNioSelector.processTaskQueue(AbstractNioSelector.java:366)
	at org.jboss.netty.channel.socket.nio.AbstractNioSelector.run(AbstractNioSelector.java:290)
	at org.jboss.netty.channel.socket.nio.NioServerBoss.run(NioServerBoss.java:42)
	at java.util.concurrent.ThreadPoolExecutor.runWorker(ThreadPoolExecutor.java:1149)
	at java.util.concurrent.ThreadPoolExecutor$Worker.run(ThreadPoolExecutor.java:624)
	at java.lang.Thread.run(Thread.java:748)
</system-out>
    <system-err>log4j:ERROR Could not find value for key log4j.appender.info
log4j:ERROR Could not instantiate appender named &quot;info&quot;.
</system-err>
  </testcase>
</testsuite>